/home/pdb/pdb/g1/pdb4g13.ent.gz 4g13

  Preparation for phenix.refine

    Add hydrogens
      - to protein model using phenix.reduce


  Reduce warnings
*WARNING*: Residues PHE 1  and VAL 5  in chain  A appear unbonded 
            and will be treated as a chain break
*WARNING*: Residues PHE 1  and VAL 5  in chain  A appear unbonded 
            and will be treated as a chain break
*WARNING*: Residues LEU 7  and GLN 11  in chain  A appear unbonded 
            and will be treated as a chain break
*WARNING*: Residues LEU 7  and GLN 11  in chain  A appear unbonded 
            and will be treated as a chain break


    Adding hydrogens to water molecules
      
clusters: [[2, 3], [4, 5], [1]]
-------------------------------------------------------------------------------
/home/pdb/pdb/iu/pdb1iua.ent.gz 1iua

  Preparation for phenix.refine

    Add hydrogens
      - to protein model using phenix.reduce


    Adding hydrogens to water molecules
      
clusters: [[7, 8, 9, 10, 11], [12, 13, 14, 15, 64], [44, 70, 71, 72, 73], [19, 21, 42, 43], [27, 28, 29, 30], [31, 32, 38, 39], [33, 34, 36, 37], [40, 41, 45, 78], [80, 81, 82, 83], [49, 50, 51, 52], [53, 59, 60, 69], [4, 5, 6], [17, 18, 74], [75, 76, 77], [20, 22, 23], [24, 25, 26], [46, 47, 79], [2, 3], [54, 55], [58, 68], [61, 62], [63, 65], [1], [16], [35], [48], [56], [57], [66], [67]]
-------------------------------------------------------------------------------
/home/pdb/pdb/wq/pdb5wqq.ent.gz 5wqq

  Preparation for phenix.refine

    Add hydrogens
      - to protein model using phenix.reduce


    Adding hydrogens to water molecules
      
clusters: [[24, 25, 26, 72, 73], [53, 59, 60, 61, 69], [1, 2, 3, 4], [5, 6, 58, 68], [10, 11, 14, 15], [17, 18, 19, 63], [64, 75, 76, 77], [20, 21, 22, 23], [27, 28, 29, 30], [31, 32, 33, 74], [49, 50, 51, 52], [7, 8, 9], [12, 13, 16], [36, 37, 38], [39, 40, 41], [42, 43, 44], [45, 46, 78], [47, 79, 80], [81, 82, 83], [57, 70, 71], [65, 66, 67], [34, 35], [48], [54], [55], [56], [62]]
-------------------------------------------------------------------------------
/home/pdb/pdb/wq/pdb5wqr.ent.gz 5wqr

  Preparation for phenix.refine

    Add hydrogens
      - to protein model using phenix.reduce


    Adding hydrogens to water molecules
      
clusters: [[7, 11, 12, 13, 14, 15], [16, 17, 18, 19, 63, 64], [49, 50, 51, 52, 53], [59, 60, 61, 68, 69], [57, 70, 72, 73], [27, 28, 29, 30], [31, 32, 33, 74], [3, 4, 6], [8, 9, 10], [20, 21, 22], [34, 35, 36], [78, 79, 80], [37, 38, 39], [40, 41, 42], [43, 44, 45], [81, 82, 83], [1, 2], [5, 65], [66, 67], [23, 24], [25, 26], [46, 47], [54, 55], [56, 58], [48], [62], [71], [75], [76], [77]]
-------------------------------------------------------------------------------
/home/pdb/pdb/bc/pdb3bcj.ent.gz 3bcj

  Preparation for phenix.refine

    Add hydrogens
      - to protein model using phenix.reduce


    Adding hydrogens to water molecules
      
clusters: [[13, 42, 201, 206, 207], [208, 209, 258, 259, 261], [272, 273, 274, 275, 276], [264, 265, 266, 267, 270], [52, 77, 96, 99, 100], [121, 122, 123, 124, 131], [303, 304, 305, 307, 310], [186, 188, 210, 211, 212], [214, 296, 297, 298, 299], [16, 246, 247, 250], [18, 31, 34, 35], [57, 58, 60, 61], [36, 37, 41, 62], [65, 66, 67, 68], [46, 47, 49, 50], [80, 82, 116, 117], [85, 115, 134, 136], [91, 92, 93, 94], [103, 104, 105, 106], [114, 300, 301, 302], [128, 129, 130, 132], [139, 168, 169, 170], [171, 172, 173, 174], [176, 177, 178, 179], [159, 167, 180, 181], [182, 183, 184, 205], [292, 293, 294, 295], [283, 285, 286, 289], [1, 251, 254], [255, 257, 280], [4, 14, 15], [7, 8, 9], [10, 155, 156], [23, 24, 263], [51, 53, 54], [29, 33, 56], [43, 55, 59], [74, 75, 76], [63, 69, 70], [71, 72, 73], [78, 79, 109], [110, 111, 160], [81, 83, 84], [86, 140, 141], [143, 144, 147], [88, 89, 90], [97, 101, 102], [145, 157, 158], [112, 113, 161], [309, 311, 312], [125, 126, 127], [135, 137, 308], [142, 146, 150], [163, 165, 166], [314, 315, 316], [196, 198, 199], [189, 190, 226], [252, 256, 290], [216, 217, 218], [219, 220, 221], [231, 232, 235], [228, 229, 234], [245, 248, 249], [233, 236, 237], [241, 281, 282], [243, 278, 279], [2, 3], [11, 12], [19, 22], [25, 28], [40, 271], [44, 45], [107, 108], [118, 119], [138, 162], [148, 151], [152, 153], [164, 195], [187, 193], [192, 194], [200, 202], [203, 204], [213, 215], [222, 223], [224, 225], [227, 230], [238, 239], [240, 242], [253, 260], [268, 269], [284, 287], [288, 291], [5], [6], [17], [20], [21], [26], [27], [30], [32], [38], [39], [48], [64], [87], [95], [98], [120], [133], [149], [154], [175], [185], [191], [197], [244], [262], [277], [306], [313]]
-------------------------------------------------------------------------------
/home/pdb/pdb/x6/pdb1x6z.ent.gz 1x6z

  Preparation for phenix.refine

    Add hydrogens
      - to protein model using phenix.reduce


    Adding hydrogens to water molecules
      
FAILED: /home/pdb/pdb/x6/pdb1x6z.ent.gz

-------------------------------------------------------------------------------
/home/pdb/pdb/hp/pdb4hp2.ent.gz 4hp2

  Preparation for phenix.refine

    Add hydrogens
      - to protein model using phenix.reduce


  Reduce warnings
*WARNING*: Residues ALA 3  and ALA 5  in chain  A appear unbonded 
            and will be treated as a chain break
*WARNING*: Residues ALA 3  and ALA 5  in chain  A appear unbonded 
            and will be treated as a chain break
*WARNING*: Residues SER 6  and THR 8  in chain  A appear unbonded 
            and will be treated as a chain break
*WARNING*: Residues THR 8  and THR 13  in chain  A appear unbonded 
            and will be treated as a chain break
*WARNING*: Residues SER 6  and THR 8  in chain  A appear unbonded 
            and will be treated as a chain break
*WARNING*: Residues THR 8  and THR 13  in chain  A appear unbonded 
            and will be treated as a chain break
*WARNING*: Residues ALA 3  and ALA 5  in chain  B appear unbonded 
            and will be treated as a chain break
*WARNING*: Residues ALA 3  and ALA 5  in chain  B appear unbonded 
            and will be treated as a chain break
*WARNING*: Residues SER 6  and THR 8  in chain  B appear unbonded 
            and will be treated as a chain break
*WARNING*: Residues THR 8  and THR 13  in chain  B appear unbonded 
            and will be treated as a chain break
*WARNING*: Residues SER 6  and THR 8  in chain  B appear unbonded 
            and will be treated as a chain break
*WARNING*: Residues THR 8  and THR 13  in chain  B appear unbonded 
            and will be treated as a chain break


    Adding hydrogens to water molecules
      
FAILED: /home/pdb/pdb/hp/pdb4hp2.ent.gz
'NoneType' object has no attribute 'xyz'
-------------------------------------------------------------------------------
/home/pdb/pdb/td/pdb5tda.ent.gz 5tda

  Preparation for phenix.refine

    Add hydrogens
      - to protein model using phenix.reduce


    Adding hydrogens to water molecules
      
clusters: [[3, 5, 14, 26, 27], [28, 52, 53, 54, 55], [13, 44, 45, 46], [15, 16, 17, 18], [20, 41, 42, 43], [39, 40, 63, 64], [59, 60, 61, 65], [33, 34, 35, 38], [7, 8, 9], [47, 48, 49], [10, 11, 12], [19, 36, 37], [21, 57, 58], [24, 25, 72], [29, 31, 32], [2, 66], [6, 50], [22, 23], [30, 67], [69, 70], [51, 73], [74, 75], [68, 71], [1], [4], [56], [62]]
-------------------------------------------------------------------------------
/home/pdb/pdb/gv/pdb5gv8.ent.gz 5gv8

  Preparation for phenix.refine

    Add hydrogens
      - to protein model using phenix.reduce


    Adding hydrogens to water molecules
      
clusters: [[39, 40, 41, 74, 75], [50, 67, 71, 115, 116], [30, 31, 32, 33, 107], [23, 24, 25, 26, 27], [28, 29, 80, 81, 83], [45, 46, 47, 48, 120], [121, 122, 160, 161, 164], [86, 87, 88, 89, 90], [91, 92, 93, 94, 95], [237, 238, 239, 240, 264], [157, 158, 245, 246, 272], [3, 4, 37, 38], [7, 42, 43, 44], [9, 10, 11, 12], [13, 14, 112, 114], [18, 19, 20, 21], [119, 131, 132, 133], [134, 135, 136, 137], [140, 141, 142, 143], [145, 234, 235, 236], [150, 151, 153, 154], [165, 166, 171, 172], [173, 174, 175, 203], [188, 189, 190, 191], [192, 193, 194, 195], [221, 222, 223, 228], [256, 257, 258, 259], [250, 252, 253, 254], [49, 51, 52], [63, 64, 65], [53, 54, 60], [61, 62, 98], [57, 58, 59], [72, 73, 76], [97, 99, 100], [101, 102, 104], [105, 106, 111], [126, 127, 128], [146, 147, 148], [241, 242, 243], [149, 178, 224], [155, 156, 159], [185, 186, 187], [198, 199, 200], [209, 210, 213], [214, 215, 216], [227, 229, 230], [244, 251, 255], [247, 248, 249], [265, 266, 267], [268, 269, 270], [1, 2], [6, 16], [35, 36], [17, 108], [109, 110], [55, 56], [68, 79], [69, 70], [77, 78], [84, 96], [129, 130], [138, 139], [167, 168], [169, 170], [176, 233], [177, 179], [206, 207], [181, 182], [211, 212], [183, 184], [196, 197], [201, 202], [204, 205], [208, 217], [219, 220], [225, 226], [260, 261], [262, 263], [5], [8], [15], [22], [34], [66], [82], [85], [103], [113], [117], [118], [123], [124], [125], [144], [152], [162], [163], [180], [218], [231], [232], [271]]
-------------------------------------------------------------------------------
/home/pdb/pdb/gv/pdb5gv7.ent.gz 5gv7

  Preparation for phenix.refine

    Add hydrogens
      - to protein model using phenix.reduce


    Adding hydrogens to water molecules
      
clusters: [[12, 13, 14, 113, 114, 115], [127, 128, 140, 141, 142, 143], [7, 8, 9, 10, 11], [44, 49, 50, 51, 64], [65, 66, 67, 116, 117], [91, 92, 93, 94, 95], [122, 123, 124, 125, 126], [244, 255, 256, 258, 259], [177, 178, 179, 206, 207], [208, 219, 220, 228, 232], [181, 182, 183, 184, 185], [186, 187, 210, 211, 212], [3, 4, 5, 38], [39, 40, 41, 74], [23, 24, 25, 26], [27, 28, 29, 80], [158, 161, 162, 272], [61, 62, 98, 111], [96, 97, 99, 100], [86, 88, 89, 90], [133, 134, 135, 136], [144, 145, 146, 173], [174, 175, 176, 205], [149, 224, 229, 233], [155, 188, 189, 190], [191, 192, 193, 194], [170, 171, 172, 203], [200, 201, 202, 204], [237, 238, 239, 240], [246, 247, 248, 249], [250, 251, 252, 253], [19, 33, 34], [18, 20, 106], [107, 108, 109], [21, 22, 30], [31, 101, 102], [103, 104, 105], [76, 77, 78], [35, 37, 75], [42, 43, 71], [47, 120, 148], [53, 54, 60], [57, 58, 59], [70, 72, 73], [83, 84, 85], [119, 131, 132], [137, 138, 139], [156, 157, 245], [163, 164, 167], [165, 168, 169], [166, 196, 197], [195, 198, 199], [209, 217, 221], [214, 215, 216], [226, 230, 260], [261, 262, 263], [234, 235, 236], [264, 265, 266], [267, 268, 269], [1, 2], [16, 17], [32, 69], [46, 121], [55, 56], [81, 82], [129, 130], [147, 242], [243, 270], [153, 154], [159, 160], [223, 225], [254, 257], [6], [15], [36], [45], [48], [52], [63], [68], [79], [87], [110], [112], [118], [150], [151], [152], [180], [213], [218], [222], [227], [231], [241], [271]]
-------------------------------------------------------------------------------
/home/pdb/pdb/mi/pdb3mi4.ent.gz 3mi4

  Preparation for phenix.refine

    Add hydrogens
      - to protein model using phenix.reduce


    Adding hydrogens to water molecules
      
clusters: [[37, 38, 39, 40, 41, 84], [85, 177, 178, 190, 191, 192], [117, 119, 135, 136, 137], [34, 69, 70, 71, 87], [88, 89, 219, 220, 223], [61, 62, 63, 64, 100], [183, 185, 186, 187, 188], [168, 200, 201, 202, 203], [4, 5, 7, 12], [23, 25, 26, 55], [19, 20, 21, 22], [24, 43, 44, 46], [31, 32, 33, 65], [90, 92, 93, 94], [49, 50, 51, 52], [76, 77, 78, 79], [80, 81, 82, 83], [103, 104, 105, 182], [106, 108, 109, 209], [210, 211, 212, 213], [114, 115, 141, 142], [143, 144, 145, 146], [147, 148, 149, 150], [151, 165, 166, 167], [194, 204, 205, 206], [1, 2, 171], [172, 173, 197], [14, 29, 96], [97, 101, 102], [28, 35, 36], [16, 17, 18], [66, 67, 91], [54, 56, 57], [58, 59, 60], [111, 112, 113], [120, 121, 122], [174, 175, 176], [130, 131, 132], [127, 128, 129], [152, 153, 155], [156, 157, 193], [158, 159, 160], [161, 162, 163], [169, 170, 198], [195, 196, 199], [214, 215, 217], [218, 221, 222], [6, 8], [9, 53], [133, 134], [13, 98], [15, 27], [47, 48], [72, 73], [74, 86], [123, 124], [125, 126], [140, 164], [207, 208], [3], [10], [11], [30], [42], [45], [68], [75], [95], [99], [107], [110], [116], [118], [138], [139], [154], [179], [180], [181], [184], [189], [216]]
-------------------------------------------------------------------------------
/home/pdb/pdb/lb/pdb4lb4.ent.gz 4lb4

  Preparation for phenix.refine

    Add hydrogens
      - to protein model using phenix.reduce


    Adding hydrogens to water molecules
      
clusters: [[237, 252, 281, 284, 285, 286], [287, 288, 289, 290, 291, 292], [12, 13, 14, 15, 259], [42, 44, 261, 263, 264], [23, 24, 25, 26, 27], [28, 29, 31, 54, 265], [84, 110, 111, 112, 113], [114, 160, 161, 162, 311], [207, 208, 209, 253, 258], [192, 293, 294, 295, 296], [2, 3, 4, 5], [9, 10, 11, 156], [17, 18, 19, 20], [21, 215, 216, 217], [218, 219, 220, 221], [64, 65, 66, 67], [70, 71, 72, 73], [118, 119, 121, 124], [174, 175, 176, 177], [185, 187, 193, 197], [188, 189, 190, 191], [201, 202, 203, 204], [243, 278, 279, 280], [1, 251, 254], [255, 256, 257], [6, 7, 8], [16, 260, 262], [30, 32, 33], [34, 35, 36], [37, 38, 39], [40, 272, 273], [274, 275, 276], [55, 77, 100], [46, 47, 48], [49, 50, 51], [53, 56, 57], [59, 60, 101], [58, 61, 62], [63, 68, 69], [82, 116, 117], [83, 85, 86], [87, 88, 89], [90, 91, 92], [93, 94, 153], [103, 104, 105], [115, 133, 134], [135, 136, 308], [128, 129, 130], [140, 143, 144], [145, 146, 147], [142, 158, 180], [148, 149, 150], [151, 152, 178], [159, 183, 184], [168, 169, 170], [171, 172, 173], [186, 210, 211], [298, 299, 300], [198, 199, 200], [227, 229, 230], [231, 232, 235], [234, 238, 244], [245, 246, 249], [239, 241, 242], [266, 267, 268], [269, 270, 271], [304, 305, 310], [45, 52], [74, 75], [76, 106], [78, 79], [95, 96], [98, 99], [97, 102], [107, 108], [154, 157], [120, 122], [123, 125], [131, 303], [126, 127], [137, 138], [139, 141], [163, 164], [165, 314], [166, 167], [181, 182], [205, 206], [195, 196], [315, 316], [212, 213], [214, 228], [222, 223], [224, 225], [233, 236], [282, 283], [301, 302], [306, 307], [22], [41], [43], [80], [81], [109], [132], [155], [179], [194], [226], [240], [247], [248], [250], [277], [297], [309], [312], [313]]
-------------------------------------------------------------------------------
/home/pdb/pdb/lb/pdb4lbs.ent.gz 4lbs

  Preparation for phenix.refine

    Add hydrogens
      - to protein model using phenix.reduce


    Adding hydrogens to water molecules
      
clusters: [[161, 162, 163, 166, 309, 311], [22, 23, 24, 25, 27], [28, 31, 263, 264, 265], [29, 30, 32, 33, 54], [55, 56, 57, 58, 61], [50, 51, 52, 78, 111], [123, 124, 125, 131, 132], [104, 148, 149, 151, 152], [153, 154, 155, 156, 157], [110, 112, 113, 114, 138], [230, 231, 232, 233, 234], [243, 247, 272, 273, 274], [275, 276, 277, 278, 279], [8, 171, 179, 180], [181, 203, 204, 205], [13, 201, 206, 207], [208, 257, 258, 259], [14, 16, 17, 18], [40, 41, 42, 262], [21, 215, 216, 217], [218, 219, 220, 221], [37, 38, 39, 43], [76, 77, 106, 107], [46, 47, 48, 49], [82, 116, 117, 122], [93, 94, 95, 108], [96, 97, 98, 99], [100, 101, 102, 105], [174, 175, 176, 177], [186, 188, 210, 211], [214, 297, 298, 299], [189, 190, 227, 228], [252, 286, 287, 288], [289, 290, 291, 292], [301, 302, 303, 304], [305, 306, 307, 310], [2, 3, 4], [5, 6, 12], [9, 10, 11], [34, 35, 36], [45, 74, 75], [59, 60, 63], [65, 66, 67], [68, 69, 70], [71, 72, 73], [89, 91, 92], [160, 183, 184], [115, 133, 134], [135, 136, 308], [119, 120, 121], [128, 129, 130], [142, 143, 144], [145, 146, 147], [164, 167, 168], [196, 199, 200], [170, 172, 173], [192, 193, 197], [209, 212, 250], [253, 254, 260], [213, 229, 249], [240, 241, 242], [268, 269, 270], [1, 251], [62, 64], [79, 80], [81, 83], [85, 86], [87, 88], [109, 159], [126, 127], [137, 139], [140, 141], [158, 182], [165, 169], [185, 187], [194, 198], [195, 314], [315, 316], [222, 223], [224, 225], [235, 236], [237, 239], [238, 244], [245, 248], [266, 267], [281, 282], [284, 285], [7], [15], [19], [20], [26], [44], [53], [84], [90], [103], [118], [150], [178], [191], [202], [226], [246], [255], [256], [261], [271], [280], [283], [293], [294], [295], [296], [300], [312], [313]]
-------------------------------------------------------------------------------
/home/pdb/pdb/lb/pdb4lbr.ent.gz 4lbr

  Preparation for phenix.refine

    Add hydrogens
      - to protein model using phenix.reduce


    Adding hydrogens to water molecules
      
clusters: [[254, 255, 256, 280, 281], [272, 273, 274, 275, 276], [49, 50, 51, 52, 77], [148, 151, 152, 153, 154], [303, 304, 305, 306, 307], [149, 150, 157, 177, 178], [209, 257, 258, 259, 261], [1, 251, 252, 253], [2, 3, 4, 5], [13, 14, 15, 42], [10, 107, 156, 181], [16, 246, 247, 250], [220, 221, 222, 225], [23, 24, 25, 26], [27, 28, 263, 265], [32, 33, 55, 58], [37, 38, 39, 40], [70, 71, 72, 73], [45, 46, 47, 48], [60, 61, 62, 63], [64, 65, 66, 67], [111, 112, 160, 162], [79, 83, 85, 86], [87, 88, 89, 92], [90, 93, 94, 108], [98, 99, 100, 101], [123, 131, 301, 302], [142, 145, 146, 147], [311, 312, 313, 314], [168, 169, 170, 172], [193, 194, 197, 290], [186, 188, 210, 211], [214, 215, 298, 299], [190, 191, 226, 293], [294, 295, 296, 297], [201, 206, 207, 208], [268, 269, 270, 271], [285, 286, 287, 288], [7, 8, 9], [17, 260, 262], [20, 43, 44], [21, 218, 219], [29, 30, 31], [34, 35, 36], [41, 68, 69], [78, 109, 110], [80, 81, 84], [113, 114, 309], [82, 116, 117], [118, 124, 132], [95, 96, 97], [102, 104, 105], [134, 136, 308], [128, 129, 130], [137, 139, 140], [141, 143, 144], [159, 180, 182], [183, 184, 205], [161, 163, 310], [196, 315, 316], [165, 166, 167], [171, 176, 179], [173, 174, 175], [185, 187, 192], [189, 212, 213], [228, 229, 249], [200, 202, 203], [232, 235, 236], [237, 289, 292], [241, 242, 243], [244, 245, 248], [264, 266, 267], [277, 278, 279], [282, 283, 284], [6, 11], [12, 74], [18, 19], [115, 133], [119, 120], [121, 122], [126, 127], [164, 195], [198, 199], [223, 224], [230, 231], [233, 234], [238, 239], [22], [53], [54], [56], [57], [59], [75], [76], [91], [103], [106], [125], [135], [138], [155], [158], [204], [216], [217], [227], [240], [291], [300]]
-------------------------------------------------------------------------------
