/home/pdb/pdb/lb/pdb4lb3.ent.gz 4lb3

  Preparation for phenix.refine

    Add hydrogens
      - to protein model using phenix.reduce


    Adding hydrogens to water molecules
      
clusters: [[272, 273, 274, 275, 276, 277], [16, 247, 250, 251, 254], [40, 42, 44, 261, 262], [27, 28, 31, 263, 265], [64, 65, 66, 67, 68], [45, 46, 47, 48, 49], [50, 51, 52, 77, 96], [103, 104, 105, 106, 155], [159, 160, 182, 183, 184], [149, 154, 156, 157, 158], [125, 130, 131, 132, 133], [234, 236, 237, 238, 239], [240, 241, 242, 243, 248], [5, 6, 7, 9], [10, 11, 12, 206], [13, 207, 208, 209], [253, 258, 259, 260], [17, 18, 19, 20], [21, 215, 216, 217], [218, 219, 220, 221], [23, 24, 25, 26], [55, 56, 58, 59], [36, 37, 62, 63], [70, 74, 75, 102], [78, 109, 110, 111], [95, 97, 98, 153], [107, 108, 145, 148], [161, 309, 311, 312], [116, 117, 123, 124], [166, 167, 169, 170], [143, 144, 146, 147], [150, 151, 177, 178], [290, 291, 292, 293], [201, 202, 203, 204], [268, 269, 270, 271], [281, 282, 283, 284], [285, 286, 287, 288], [301, 302, 303, 304], [305, 306, 307, 310], [1, 2, 3], [4, 14, 15], [8, 171, 179], [180, 181, 205], [57, 60, 61], [32, 43, 54], [69, 71, 73], [83, 89, 92], [82, 118, 119], [120, 121, 122], [90, 93, 94], [112, 113, 114], [138, 162, 163], [174, 175, 176], [168, 314, 316], [185, 186, 187], [191, 193, 197], [188, 211, 212], [213, 214, 228], [189, 252, 289], [192, 194, 256], [198, 199, 200], [227, 229, 230], [231, 232, 235], [244, 245, 246], [264, 266, 267], [29, 33], [34, 35], [38, 39], [53, 99], [79, 80], [81, 84], [85, 86], [87, 88], [126, 127], [128, 129], [135, 136], [137, 139], [140, 141], [142, 173], [164, 165], [190, 294], [295, 296], [195, 196], [222, 223], [224, 225], [255, 280], [297, 298], [299, 300], [22], [30], [41], [72], [76], [91], [100], [101], [115], [134], [152], [172], [210], [226], [233], [249], [257], [278], [279], [308], [313], [315]]
-------------------------------------------------------------------------------
/home/pdb/pdb/zm/pdb4zm7.ent.gz 4zm7

  Preparation for phenix.refine

    Add hydrogens
      - to protein model using phenix.reduce


    Adding hydrogens to water molecules
      
clusters: [[34, 116, 117, 118, 119], [46, 48, 49, 86, 175], [101, 102, 103, 179, 180], [68, 69, 130, 132, 133], [14, 94, 95, 105], [106, 107, 108, 109], [63, 134, 135, 136], [18, 19, 20, 21], [26, 50, 54, 154], [155, 156, 157, 158], [84, 149, 150, 159], [39, 42, 44, 45], [40, 98, 99, 100], [53, 172, 173, 174], [78, 79, 80, 125], [64, 65, 66, 67], [1, 2, 4], [5, 6, 7], [8, 41, 167], [11, 137, 138], [15, 61, 62], [24, 27, 28], [151, 152, 153], [29, 30, 82], [31, 32, 145], [146, 147, 148], [33, 81, 115], [120, 121, 124], [37, 83, 85], [38, 87, 88], [96, 111, 112], [43, 51, 52], [139, 140, 141], [59, 60, 77], [71, 72, 73], [74, 75, 127], [92, 93, 97], [162, 163, 164], [166, 168, 169], [3, 176], [177, 178], [9, 10], [16, 131], [17, 122], [123, 126], [22, 23], [35, 36], [113, 114], [55, 142], [56, 165], [170, 171], [57, 58], [90, 91], [128, 129], [143, 144], [160, 161], [12], [13], [25], [47], [70], [76], [89], [104], [110]]
-------------------------------------------------------------------------------
/home/pdb/pdb/qx/pdb2qxw.ent.gz 2qxw

  Preparation for phenix.refine

    Add hydrogens
      - to protein model using phenix.reduce


    Adding hydrogens to water molecules
      
clusters: [[29, 32, 33, 36, 43, 55], [56, 57, 58, 59, 61, 62], [159, 160, 161, 162, 183, 184], [38, 39, 40, 264, 270], [217, 218, 219, 220, 221], [101, 102, 103, 104, 105], [109, 110, 111, 112, 113], [233, 234, 235, 236, 245], [5, 13, 14, 15], [7, 8, 9, 107], [154, 155, 156, 181], [18, 31, 34, 35], [21, 22, 215, 216], [70, 96, 97, 100], [116, 117, 123, 124], [125, 131, 132, 133], [142, 145, 146, 157], [158, 178, 179, 180], [166, 167, 168, 169], [185, 186, 187, 188], [191, 192, 193, 297], [201, 202, 203, 204], [206, 207, 208, 209], [253, 258, 259, 260], [229, 230, 231, 232], [252, 286, 287, 288], [289, 290, 291, 292], [272, 273, 274, 275], [301, 302, 304, 305], [306, 307, 308, 310], [1, 16, 254], [276, 277, 278], [2, 3, 4], [17, 42, 261], [19, 23, 24], [27, 263, 265], [51, 53, 54], [45, 74, 75], [76, 77, 106], [46, 47, 48], [49, 50, 52], [63, 68, 69], [71, 72, 73], [82, 118, 119], [120, 121, 122], [86, 87, 88], [90, 91, 93], [94, 95, 153], [128, 129, 130], [139, 170, 171], [172, 173, 174], [147, 148, 149], [150, 151, 152], [163, 164, 165], [175, 176, 177], [294, 295, 296], [198, 199, 200], [237, 238, 239], [240, 241, 242], [247, 248, 279], [246, 249, 250], [251, 255, 280], [268, 269, 271], [6, 10], [11, 12], [25, 28], [64, 65], [66, 67], [80, 81], [84, 114], [83, 85], [115, 134], [135, 136], [126, 127], [137, 138], [141, 309], [182, 205], [190, 293], [194, 197], [210, 211], [298, 299], [213, 228], [222, 223], [224, 225], [243, 244], [266, 267], [281, 282], [284, 285], [312, 313], [20], [26], [30], [37], [41], [44], [60], [78], [79], [89], [92], [98], [99], [108], [140], [143], [144], [189], [195], [196], [212], [214], [226], [227], [256], [257], [262], [283], [300], [303], [311]]
-------------------------------------------------------------------------------
/home/pdb/pdb/ua/pdb4ua6.ent.gz 4ua6

  Preparation for phenix.refine

    Add hydrogens
      - to protein model using phenix.reduce


    Adding hydrogens to water molecules
      
clusters: [[289, 290, 291, 425, 491, 492], [34, 36, 157, 158, 234], [24, 25, 26, 27, 28], [29, 30, 31, 229, 231], [70, 71, 72, 73, 74], [75, 76, 87, 88, 89], [185, 187, 188, 189, 208], [278, 279, 280, 295, 296], [298, 300, 416, 417, 496], [283, 284, 285, 286, 288], [390, 391, 392, 393, 394], [312, 315, 316, 319, 427], [433, 434, 437, 438, 441], [323, 324, 325, 326, 327], [328, 352, 353, 354, 356], [467, 469, 479, 480, 481], [32, 257, 258, 261], [9, 10, 11, 12], [13, 14, 15, 16], [18, 35, 37, 38], [39, 40, 155, 156], [20, 21, 22, 33], [45, 46, 47, 48], [50, 51, 109, 112], [55, 56, 59, 173], [174, 177, 178, 181], [61, 62, 63, 64], [80, 106, 107, 110], [98, 101, 102, 184], [123, 126, 127, 129], [130, 131, 132, 134], [191, 192, 193, 194], [196, 197, 248, 252], [223, 224, 225, 230], [215, 217, 237, 238], [239, 245, 246, 247], [265, 268, 269, 272], [281, 292, 293, 294], [497, 506, 507, 510], [406, 471, 472, 473], [314, 357, 360, 372], [309, 386, 387, 389], [347, 348, 349, 350], [337, 338, 339, 340], [364, 365, 366, 367], [362, 443, 444, 445], [446, 447, 448, 449], [399, 400, 402, 403], [378, 379, 380, 381], [382, 383, 384, 396], [451, 454, 455, 456], [482, 483, 484, 485], [498, 502, 503, 504], [3, 5, 6], [4, 7, 8], [41, 42, 43], [154, 210, 218], [53, 125, 167], [115, 116, 117], [57, 58, 60], [93, 94, 97], [68, 69, 91], [92, 95, 96], [77, 78, 79], [83, 84, 85], [99, 100, 103], [104, 105, 108], [113, 118, 119], [120, 121, 122], [136, 137, 138], [143, 152, 153], [144, 145, 146], [212, 213, 216], [149, 150, 151], [160, 220, 236], [161, 164, 206], [221, 222, 232], [162, 165, 166], [168, 169, 170], [182, 183, 186], [195, 198, 199], [255, 256, 259], [200, 201, 202], [203, 204, 205], [207, 209, 219], [214, 240, 241], [242, 243, 244], [250, 251, 254], [518, 520, 521], [275, 477, 478], [412, 413, 414], [303, 404, 405], [307, 310, 311], [308, 361, 468], [313, 317, 376], [318, 321, 322], [330, 331, 346], [334, 335, 336], [343, 344, 345], [351, 359, 368], [369, 370, 373], [420, 421, 422], [439, 440, 442], [453, 508, 509], [511, 512, 513], [458, 459, 493], [515, 516, 519], [463, 464, 465], [474, 475, 476], [1, 2], [49, 52], [54, 114], [65, 67], [81, 82], [124, 128], [133, 135], [139, 140], [141, 142], [147, 148], [171, 172], [175, 176], [179, 180], [228, 262], [249, 253], [263, 264], [267, 517], [270, 273], [274, 276], [271, 514], [277, 499], [500, 501], [287, 488], [489, 490], [302, 411], [332, 333], [341, 342], [371, 375], [374, 377], [397, 398], [407, 408], [409, 410], [418, 419], [423, 426], [430, 431], [424, 428], [435, 436], [461, 462], [486, 487], [17], [19], [23], [44], [66], [86], [90], [111], [159], [163], [190], [211], [226], [227], [233], [235], [260], [266], [282], [297], [299], [301], [304], [305], [306], [320], [329], [355], [358], [363], [385], [388], [395], [401], [415], [429], [432], [450], [452], [457], [460], [466], [470], [494], [495], [505], [522]]
-------------------------------------------------------------------------------
/home/pdb/pdb/a3/pdb3a39.ent.gz 3a39

  Preparation for phenix.refine

    Add hydrogens
      - to protein model using phenix.reduce


    Adding hydrogens to water molecules
      
clusters: [[11, 12, 13, 14, 15], [16, 17, 18, 19, 64], [27, 28, 29, 30, 31], [32, 33, 38, 39, 74], [53, 59, 60, 61, 69], [3, 4, 5, 6], [7, 58, 67, 68], [70, 71, 72, 73], [41, 42, 45, 78], [80, 81, 82, 83], [49, 50, 51, 52], [8, 9, 10], [20, 22, 23], [24, 25, 26], [21, 43, 57], [36, 37, 40], [46, 47, 79], [63, 75, 77], [1, 2], [34, 35], [55, 56], [62, 65], [44], [48], [54], [66], [76]]
-------------------------------------------------------------------------------
/home/pdb/pdb/a3/pdb3a38.ent.gz 3a38

  Preparation for phenix.refine

    Add hydrogens
      - to protein model using phenix.reduce


    Adding hydrogens to water molecules
      
clusters: [[7, 13, 14, 15, 16], [17, 18, 19, 63, 64], [20, 21, 22, 57], [70, 71, 72, 73], [27, 28, 29, 30], [31, 32, 33, 74], [46, 78, 79, 80], [53, 54, 55, 58], [59, 60, 68, 69], [10, 11, 12], [34, 35, 36], [43, 44, 45], [48, 49, 50], [51, 61, 62], [75, 76, 77], [1, 2], [3, 6], [5, 65], [66, 67], [8, 9], [23, 24], [25, 26], [37, 38], [39, 41], [40, 42], [47, 81], [82, 83], [4], [52], [56]]
-------------------------------------------------------------------------------
/home/pdb/pdb/pq/pdb1pq7.ent.gz 1pq7

  Preparation for phenix.refine

    Add hydrogens
      - to protein model using phenix.reduce


  Reduce warnings
*WARNING*: Residues ALA 239  and ARG 703  in chain  A appear unbonded 
            and will be treated as a chain break
*WARNING*: Residues ALA 239  and ARG 703  in chain  A appear unbonded 
            and will be treated as a chain break


    Adding hydrogens to water molecules
      
clusters: [[121, 122, 138, 139, 140], [176, 177, 200, 201, 225], [17, 18, 26, 27, 28], [38, 123, 178, 180, 181], [147, 163, 164, 192, 193], [194, 196, 210, 211, 212], [1, 4, 5, 120], [2, 128, 129, 174], [98, 99, 100, 101], [48, 49, 50, 51], [221, 222, 223, 224], [68, 91, 92, 94], [77, 78, 79, 80], [81, 82, 83, 84], [106, 107, 108, 109], [110, 213, 214, 217], [115, 116, 143, 144], [141, 142, 184, 185], [124, 125, 126, 127], [130, 131, 132, 133], [150, 154, 165, 197], [198, 207, 208, 209], [168, 169, 170, 171], [202, 203, 204, 205], [7, 8, 9], [10, 11, 12], [13, 96, 97], [30, 102, 103], [36, 53, 55], [19, 22, 23], [24, 25, 60], [20, 46, 47], [31, 87, 220], [32, 33, 34], [35, 90, 93], [105, 190, 191], [40, 41, 44], [52, 66, 67], [54, 57, 59], [61, 62, 63], [58, 136, 137], [85, 216, 219], [112, 113, 114], [117, 118, 119], [145, 166, 167], [151, 152, 153], [155, 156, 157], [158, 159, 160], [14, 29], [15, 16], [37, 104], [43, 88], [56, 64], [69, 70], [71, 89], [72, 73], [74, 86], [75, 76], [148, 149], [161, 162], [172, 173], [175, 179], [182, 195], [186, 187], [188, 189], [3], [6], [21], [39], [42], [45], [65], [95], [111], [134], [135], [146], [183], [199], [206], [215], [218]]
-------------------------------------------------------------------------------
/home/pdb/pdb/w0/pdb1w0n.ent.gz 1w0n

  Preparation for phenix.refine

    Add hydrogens
      - to protein model using phenix.reduce


    Adding hydrogens to water molecules
      
clusters: [[8, 9, 25, 114, 115], [12, 13, 14, 15, 16], [28, 29, 32, 33, 34], [95, 96, 97, 98, 99], [48, 63, 64, 65, 66], [69, 70, 71, 72, 86], [58, 59, 77, 78, 109], [4, 5, 6, 7], [19, 20, 21, 22], [23, 24, 112, 113], [36, 37, 38, 39], [44, 91, 92, 93], [45, 46, 47, 87], [88, 89, 90, 120], [54, 55, 56, 57], [3, 117, 119], [41, 42, 43], [51, 82, 83], [79, 80, 81], [61, 62, 73], [74, 102, 103], [106, 107, 108], [1, 2], [11, 18], [26, 35], [40, 94], [49, 50], [52, 53], [60, 75], [76, 84], [104, 105], [10], [17], [27], [30], [31], [67], [68], [85], [100], [101], [110], [111], [116], [118]]
-------------------------------------------------------------------------------
/home/pdb/pdb/om/pdb5ome.ent.gz 5ome

  Preparation for phenix.refine

    Add hydrogens
      - to protein model using phenix.reduce


    Adding hydrogens to water molecules
      
clusters: [[39, 41, 42, 44, 48, 49], [2, 3, 4, 12, 13], [14, 15, 16, 51, 52], [6, 7, 8, 9, 11], [22, 23, 24, 25, 26], [18, 19, 20, 21], [37, 38, 45, 46], [28, 29, 30], [31, 32, 33], [34, 35, 36], [53, 54], [1], [5], [10], [17], [27], [40], [43], [47], [50]]
-------------------------------------------------------------------------------
/home/pdb/pdb/wf/pdb2wfi.ent.gz 2wfi

  Preparation for phenix.refine

    Add hydrogens
      - to protein model using phenix.reduce


  Reduce warnings
*WARNING*: Residues SER 62  and LEU 64  in chain  A appear unbonded 
            and will be treated as a chain break
*WARNING*: Residues SER 62  and LEU 64  in chain  A appear unbonded 
            and will be treated as a chain break


    Adding hydrogens to water molecules
      
clusters: [[25, 28, 32, 135, 136], [78, 79, 80, 81, 117], [88, 90, 91, 108, 109], [110, 111, 112, 113, 114], [128, 129, 130, 131, 132], [143, 144, 145, 146, 147], [2, 3, 23, 24], [22, 137, 139, 171], [8, 9, 56, 57], [164, 165, 166, 167], [10, 11, 12, 13], [14, 15, 16, 162], [30, 31, 34, 83], [85, 89, 106, 115], [37, 38, 39, 40], [41, 42, 43, 84], [45, 46, 47, 48], [49, 50, 51, 82], [66, 100, 101, 121], [122, 123, 124, 125], [72, 74, 75, 77], [94, 98, 119, 126], [102, 138, 141, 142], [152, 153, 154, 156], [157, 158, 159, 160], [4, 20, 21], [53, 54, 73], [71, 116, 118], [58, 59, 60], [61, 68, 69], [97, 103, 104], [105, 120, 134], [5, 35], [36, 170], [6, 7], [18, 19], [27, 93], [95, 96], [44, 52], [55, 70], [62, 148], [151, 163], [63, 64], [149, 150], [92, 133], [168, 169], [1], [17], [26], [29], [33], [65], [67], [76], [86], [87], [99], [107], [127], [140], [155], [161]]
-------------------------------------------------------------------------------
/home/pdb/pdb/wf/pdb2wfj.ent.gz 2wfj

  Preparation for phenix.refine

    Add hydrogens
      - to protein model using phenix.reduce


  Reduce warnings
*WARNING*: Residues VAL 9  and ALA 11  in chain  B appear unbonded 
            and will be treated as a chain break
*WARNING*: Residues VAL 9  and ALA 11  in chain  B appear unbonded 
            and will be treated as a chain break


    Adding hydrogens to water molecules
      
clusters: [[9, 10, 11, 12, 13, 14], [15, 16, 163, 164, 165, 167], [51, 52, 53, 54, 74], [157, 158, 159, 160, 161], [73, 75, 76, 78, 79], [80, 81, 82, 110, 118], [126, 127, 128, 129, 130], [2, 3, 22, 23], [24, 25, 28, 32], [19, 20, 21, 139], [140, 141, 142, 143], [39, 55, 56, 57], [58, 166, 168, 169], [45, 46, 49, 50], [62, 153, 154, 155], [147, 148, 150, 151], [88, 89, 116, 117], [92, 106, 107, 108], [109, 115, 133, 134], [98, 99, 100, 125], [104, 121, 122, 138], [36, 171, 172], [26, 27, 29], [30, 33, 34], [85, 86, 90], [35, 105, 119], [135, 136, 137], [37, 40, 41], [42, 43, 44], [65, 144, 146], [68, 123, 124], [83, 84, 87], [94, 95, 96], [101, 102, 103], [111, 112, 114], [4, 5], [6, 7], [8, 18], [31, 93], [47, 48], [60, 63], [69, 149], [66, 67], [71, 72], [131, 132], [1], [17], [38], [59], [61], [64], [70], [77], [91], [97], [113], [120], [145], [152], [156], [162], [170], [173], [174]]
-------------------------------------------------------------------------------
/home/pdb/pdb/vb/pdb2vb1.ent.gz 2vb1

  Preparation for phenix.refine

    Add hydrogens
      - to protein model using phenix.reduce


    Adding hydrogens to water molecules
      
clusters: [[52, 53, 57, 58, 59, 60], [2, 8, 32, 33, 36], [37, 38, 39, 54, 55], [123, 124, 125, 127, 129], [43, 44, 46, 50, 51], [65, 78, 79, 80, 81], [82, 83, 84, 85, 90], [5, 9, 25, 29], [91, 92, 95, 96], [22, 23, 99, 100], [30, 31, 34, 35], [110, 113, 114, 115], [62, 63, 64, 73], [74, 75, 76, 77], [1, 3, 40], [6, 7, 10], [11, 13, 14], [12, 17, 56], [19, 20, 21], [70, 71, 72], [67, 68, 69], [93, 94, 97], [102, 103, 104], [106, 108, 109], [111, 112, 116], [119, 121, 122], [15, 87], [88, 89], [16, 18], [24, 26], [27, 28], [48, 61], [49, 66], [98, 101], [4], [41], [42], [45], [47], [86], [105], [107], [117], [118], [120], [126], [128]]
-------------------------------------------------------------------------------
/home/pdb/pdb/w5/pdb3w5h.ent.gz 3w5h

  Preparation for phenix.refine

    Add hydrogens
      - to protein model using phenix.reduce


    Adding hydrogens to water molecules
      
clusters: [[106, 107, 108, 109, 110, 111], [127, 128, 140, 141, 142, 143], [39, 40, 41, 74, 75], [17, 18, 19, 33, 105], [27, 28, 29, 80, 81], [44, 49, 50, 51, 64], [65, 66, 67, 116, 117], [86, 87, 88, 89, 90], [91, 92, 93, 94, 95], [122, 123, 124, 125, 126], [237, 238, 239, 240, 264], [192, 193, 194, 195, 196], [166, 173, 174, 175, 200], [201, 202, 203, 204, 205], [181, 182, 183, 184, 185], [186, 187, 210, 211, 212], [250, 251, 252, 253, 254], [3, 4, 37, 38], [14, 113, 114, 115], [23, 24, 25, 26], [48, 120, 121, 160], [57, 58, 59, 60], [83, 84, 85, 96], [97, 99, 100, 103], [119, 131, 132, 133], [134, 135, 136, 137], [145, 234, 235, 236], [151, 152, 153, 154], [155, 156, 157, 188], [159, 189, 190, 191], [178, 179, 206, 207], [208, 209, 219, 220], [224, 225, 227, 228], [229, 230, 231, 232], [246, 247, 248, 249], [6, 35, 36], [7, 8, 13], [16, 42, 77], [30, 31, 32], [45, 46, 47], [62, 63, 98], [54, 55, 56], [68, 78, 79], [71, 72, 73], [161, 176, 243], [150, 158, 245], [162, 163, 165], [167, 168, 169], [170, 171, 172], [197, 198, 199], [214, 215, 216], [268, 269, 270], [244, 255, 256], [257, 258, 259], [265, 266, 267], [1, 2], [9, 10], [11, 12], [20, 21], [34, 76], [53, 61], [69, 70], [129, 130], [138, 139], [146, 148], [226, 261], [241, 242], [260, 262], [5], [15], [22], [43], [52], [82], [101], [102], [104], [112], [118], [144], [147], [149], [164], [177], [180], [213], [217], [218], [221], [222], [223], [233], [263], [271], [272]]
-------------------------------------------------------------------------------
/home/pdb/pdb/nw/pdb5nw3.ent.gz 5nw3

  Preparation for phenix.refine

    Add hydrogens
      - to protein model using phenix.reduce


    Adding hydrogens to water molecules
      
clusters: [[44, 45, 47, 48, 49], [1, 14, 15, 16], [17, 18, 26, 27], [5, 6, 7, 8], [39, 40, 41, 42], [30, 31, 32, 33], [22, 23, 24, 25], [2, 3, 4], [12, 51, 52], [9, 10, 11], [13, 28, 29], [19, 20, 21], [34, 35, 36], [37, 38, 46], [53, 54], [43], [50]]
-------------------------------------------------------------------------------
