/home/pdb/pdb/us/pdb1us0.ent.gz 1us0

  Preparation for phenix.refine

    Add hydrogens
      - to protein model using phenix.reduce


    Adding hydrogens to water molecules
      
FAILED: /home/pdb/pdb/us/pdb1us0.ent.gz

-------------------------------------------------------------------------------
/home/pdb/pdb/d4/pdb3d43.ent.gz 3d43

  Preparation for phenix.refine

    Add hydrogens
      - to protein model using phenix.reduce


  Reduce warnings
*WARNING*: Residues ALA 265  and GLU 266  in chain  A are too close together 
            and will be treated as a chain break
*WARNING*: Residues GLU 266  and ASN 267  in chain  A are too close together 
            and will be treated as a chain break
*WARNING*: Residues ALA 265  and GLU 266  in chain  A are too close together 
            and will be treated as a chain break
*WARNING*: Residues GLU 266  and ASN 267  in chain  A are too close together 
            and will be treated as a chain break
*WARNING*: Residues GLY 241  and GLY 242  in chain  B are too close together 
            and will be treated as a chain break
*WARNING*: Residues GLY 241  and GLY 242  in chain  B are too close together 
            and will be treated as a chain break


    Adding hydrogens to water molecules
      
clusters: [[316, 398, 399, 400, 544, 552], [204, 206, 230, 231, 232], [10, 13, 14, 93, 255], [256, 258, 259, 262, 309], [57, 58, 59, 60, 61], [123, 124, 125, 126, 127], [128, 129, 130, 131, 159], [266, 267, 268, 269, 270], [213, 214, 215, 224, 300], [311, 312, 313, 314, 315], [543, 555, 556, 557, 560], [332, 333, 334, 335, 356], [389, 403, 404, 405, 406], [340, 342, 411, 428, 429], [431, 432, 445, 446, 447], [572, 573, 574, 575, 576], [577, 578, 579, 584, 587], [82, 83, 89, 91], [2, 3, 4, 5], [90, 235, 236, 243], [8, 191, 192, 193], [66, 101, 102, 103], [69, 70, 71, 72], [47, 49, 80, 95], [96, 97, 98, 99], [53, 54, 55, 56], [121, 148, 149, 152], [133, 263, 264, 265], [153, 180, 181, 182], [183, 184, 185, 186], [161, 162, 163, 272], [170, 171, 172, 173], [176, 205, 208, 209], [174, 210, 211, 212], [200, 289, 290, 291], [302, 305, 306, 307], [271, 273, 274, 275], [276, 277, 278, 279], [310, 352, 391, 392], [393, 395, 396, 397], [317, 540, 541, 542], [318, 319, 321, 322], [387, 402, 539, 564], [320, 323, 324, 325], [326, 327, 328, 619], [338, 339, 358, 359], [407, 408, 409, 443], [376, 377, 378, 548], [364, 412, 414, 415], [416, 417, 418, 419], [436, 437, 438, 440], [453, 454, 487, 488], [562, 563, 565, 566], [476, 477, 478, 479], [515, 516, 517, 558], [483, 484, 485, 486], [518, 519, 534, 609], [492, 493, 495, 531], [597, 598, 599, 603], [588, 591, 592, 595], [614, 615, 616, 617], [1, 43, 81], [6, 20, 21], [17, 18, 19], [12, 15, 308], [23, 24, 94], [30, 135, 261], [132, 134, 136], [32, 74, 75], [76, 77, 78], [112, 116, 140], [34, 36, 65], [35, 67, 68], [38, 73, 238], [239, 240, 241], [39, 40, 41], [42, 45, 242], [46, 84, 85], [86, 87, 88], [107, 108, 109], [113, 117, 120], [141, 142, 143], [144, 178, 179], [150, 151, 154], [156, 157, 160], [168, 169, 207], [229, 249, 252], [196, 201, 202], [197, 198, 199], [219, 220, 221], [226, 303, 304], [227, 228, 288], [233, 234, 245], [246, 247, 251], [280, 283, 284], [285, 286, 287], [296, 297, 299], [343, 448, 449], [344, 345, 375], [381, 382, 385], [347, 350, 547], [549, 550, 551], [349, 351, 354], [353, 386, 546], [367, 368, 370], [371, 372, 373], [383, 545, 553], [413, 420, 421], [423, 424, 425], [426, 427, 430], [433, 434, 435], [450, 451, 452], [466, 472, 494], [464, 465, 467], [468, 469, 470], [471, 581, 585], [473, 559, 561], [497, 498, 536], [480, 481, 482], [489, 490, 491], [511, 512, 513], [507, 509, 596], [520, 532, 533], [521, 522, 523], [530, 535, 613], [569, 570, 571], [11, 16], [22, 92], [25, 28], [26, 27], [29, 31], [33, 104], [44, 48], [50, 51], [52, 64], [105, 106], [110, 111], [114, 115], [118, 119], [137, 164], [254, 257], [138, 139], [165, 253], [146, 147], [155, 158], [166, 250], [167, 177], [188, 225], [189, 190], [194, 195], [203, 292], [293, 301], [216, 217], [218, 298], [294, 295], [331, 401], [336, 337], [441, 442], [346, 379], [348, 360], [374, 410], [361, 362], [363, 369], [365, 366], [380, 384], [422, 455], [457, 458], [456, 459], [460, 461], [462, 463], [474, 496], [499, 500], [537, 538], [501, 502], [503, 504], [505, 510], [506, 600], [524, 607], [608, 612], [525, 526], [527, 606], [528, 529], [567, 568], [580, 582], [583, 586], [589, 590], [593, 594], [604, 605], [7], [9], [37], [62], [63], [79], [100], [122], [145], [175], [187], [222], [223], [237], [244], [248], [260], [281], [282], [329], [330], [341], [355], [357], [388], [390], [394], [439], [444], [475], [508], [514], [554], [601], [602], [610], [611], [618]]
-------------------------------------------------------------------------------
/home/pdb/pdb/x2/pdb3x2m.ent.gz 3x2m

  Preparation for phenix.refine

    Add hydrogens
      - to protein model using phenix.reduce


    Adding hydrogens to water molecules
      
clusters: [[39, 40, 100, 178, 179], [43, 51, 52, 53, 54], [64, 125, 133, 134, 135], [34, 145, 146, 147, 148], [3, 4, 5, 6], [7, 37, 41, 42], [8, 9, 10, 58], [138, 139, 166, 167], [15, 61, 62, 63], [126, 130, 131, 132], [18, 19, 20, 21], [115, 116, 117, 118], [27, 28, 29, 153], [30, 31, 32, 33], [35, 55, 82, 83], [84, 149, 159, 162], [163, 164, 171, 172], [141, 142, 143, 144], [88, 89, 90, 91], [92, 93, 96, 97], [94, 104, 105, 106], [107, 108, 109, 110], [111, 112, 113], [16, 17, 95], [22, 23, 24], [44, 45, 46], [47, 48, 86], [56, 160, 161], [57, 80, 140], [65, 66, 67], [68, 69, 70], [71, 72, 73], [74, 75, 127], [77, 78, 79], [101, 102, 103], [119, 120, 121], [122, 123, 124], [152, 154, 155], [156, 157, 158], [1, 2], [11, 12], [136, 137], [13, 14], [25, 26], [49, 50], [98, 99], [128, 129], [150, 151], [165, 169], [174, 175], [36], [38], [59], [60], [76], [81], [85], [87], [114], [168], [170], [173], [176], [177], [180]]
-------------------------------------------------------------------------------
/home/pdb/pdb/r6/pdb1r6j.ent.gz 1r6j

  Preparation for phenix.refine

    Add hydrogens
      - to protein model using phenix.reduce


    Adding hydrogens to water molecules
      
clusters: [[18, 19, 20, 30, 31], [34, 35, 36, 37, 38], [43, 44, 45, 46, 78], [55, 56, 58, 76, 77], [4, 5, 80, 82], [72, 73, 74, 75], [26, 27, 28, 42], [47, 48, 49, 54], [67, 68, 69, 70], [1, 2, 3], [39, 40, 41], [9, 11, 71], [12, 13, 14], [15, 16, 17], [22, 59, 60], [61, 62, 63], [64, 65, 66], [8, 10], [21, 29], [50, 51], [52, 53], [6], [7], [23], [24], [25], [32], [33], [57], [79], [81]]
-------------------------------------------------------------------------------
/home/pdb/pdb/x3/pdb3x34.ent.gz 3x34

  Preparation for phenix.refine

    Add hydrogens
      - to protein model using phenix.reduce


    Adding hydrogens to water molecules
      
clusters: [[78, 79, 81, 82, 85], [4, 25, 76, 77], [21, 22, 23, 24], [50, 51, 52, 53], [70, 71, 72, 73], [35, 36, 37, 38], [40, 41, 42, 43], [44, 45, 46, 47], [57, 58, 59, 60], [64, 65, 66, 67], [1, 2, 3], [5, 6, 7], [8, 9, 10], [13, 14, 49], [17, 18, 31], [29, 30, 48], [27, 74, 75], [28, 68, 69], [32, 33, 34], [54, 55, 56], [61, 62, 63], [80, 83, 84], [11, 12], [15, 16], [19, 20], [86, 87], [26], [39]]
-------------------------------------------------------------------------------
/home/pdb/pdb/mn/pdb5mn1.ent.gz 5mn1

  Preparation for phenix.refine

    Add hydrogens
      - to protein model using phenix.reduce


    Adding hydrogens to water molecules
      
clusters: [[172, 173, 174, 175, 176], [18, 19, 20, 21, 22], [23, 24, 43, 44, 46], [178, 179, 190, 191, 192], [219, 220, 221, 222, 223], [143, 152, 161, 162, 163], [164, 203, 204, 205, 206], [148, 149, 150, 151, 156], [1, 120, 121, 122], [170, 171, 197, 198], [118, 137, 138, 139], [119, 134, 135, 136], [25, 26, 37, 177], [90, 91, 92, 93], [34, 216, 217, 218], [76, 77, 78, 79], [80, 81, 82, 160], [182, 185, 186, 187], [106, 108, 109, 188], [208, 209, 210, 211], [129, 130, 131, 132], [144, 145, 146, 147], [2, 126, 169], [4, 5, 117], [6, 7, 12], [8, 9, 11], [10, 52, 53], [54, 55, 56], [13, 98, 99], [27, 28, 180], [29, 31, 32], [94, 96, 102], [36, 87, 88], [33, 65, 66], [38, 39, 40], [41, 42, 86], [57, 58, 59], [60, 61, 62], [97, 100, 101], [68, 69, 89], [103, 104, 105], [111, 112, 113], [114, 141, 142], [123, 124, 125], [157, 158, 159], [167, 168, 200], [212, 213, 214], [14, 15], [16, 17], [48, 49], [30, 35], [45, 47], [50, 64], [63, 95], [67, 70], [71, 72], [85, 215], [73, 74], [75, 83], [115, 116], [183, 184], [127, 128], [153, 154], [155, 202], [165, 166], [194, 195], [196, 199], [3], [51], [84], [107], [110], [133], [140], [181], [189], [193], [201], [207]]
-------------------------------------------------------------------------------
/home/pdb/pdb/mn/pdb5mnk.ent.gz 5mnk

  Preparation for phenix.refine

    Add hydrogens
      - to protein model using phenix.reduce


    Adding hydrogens to water molecules
      
clusters: [[4, 5, 6, 7, 12], [117, 119, 135, 136, 137], [30, 34, 71, 87, 215], [216, 219, 220, 222, 223], [84, 85, 190, 191, 192], [103, 104, 105, 106, 182], [183, 185, 186, 187, 188], [121, 122, 123, 124, 125], [129, 130, 131, 132, 174], [209, 210, 211, 212, 213], [43, 44, 45, 46], [90, 91, 92, 93], [38, 39, 40, 41], [96, 97, 100, 101], [76, 77, 78, 79], [80, 81, 82, 83], [148, 149, 150, 151], [152, 153, 155, 156], [158, 159, 207, 208], [160, 161, 162, 163], [203, 204, 205, 206], [1, 120, 176], [2, 126, 196], [197, 198, 199], [169, 170, 171], [8, 9, 11], [10, 49, 50], [51, 52, 64], [13, 98, 99], [14, 15, 16], [27, 28, 35], [17, 18, 19], [23, 47, 48], [20, 22, 24], [33, 65, 66], [57, 58, 59], [60, 61, 62], [63, 94, 95], [67, 68, 69], [70, 88, 89], [72, 73, 74], [107, 108, 109], [115, 116, 139], [140, 141, 164], [166, 201, 202], [3, 138], [26, 37], [178, 179], [29, 31], [32, 102], [42, 86], [54, 55], [56, 133], [110, 114], [111, 112], [113, 142], [127, 128], [144, 145], [146, 147], [165, 167], [168, 200], [193, 194], [214, 217], [218, 221], [21], [25], [36], [53], [75], [118], [134], [143], [154], [157], [172], [173], [175], [177], [180], [181], [184], [189], [195]]
-------------------------------------------------------------------------------
/home/pdb/pdb/mf/pdb3mfj.ent.gz 3mfj

  Preparation for phenix.refine

    Add hydrogens
      - to protein model using phenix.reduce


    Adding hydrogens to water molecules
      
clusters: [[24, 25, 26, 41, 175], [29, 31, 32, 33, 50], [65, 90, 92, 93, 94], [178, 179, 190, 191, 192], [109, 188, 209, 210, 213], [122, 123, 124, 125, 129], [130, 131, 132, 173, 174], [170, 171, 197, 198], [6, 7, 119, 120], [121, 134, 135, 136], [13, 95, 96, 97], [98, 99, 100, 101], [17, 18, 19, 23], [34, 71, 87, 219], [220, 221, 222, 223], [37, 38, 40, 177], [72, 73, 74, 86], [60, 61, 62, 64], [76, 77, 78, 79], [80, 81, 82, 83], [215, 216, 217, 218], [105, 106, 107, 108], [143, 144, 145, 146], [147, 148, 149, 150], [160, 207, 208, 211], [2, 126, 169], [117, 118, 137], [30, 35, 36], [39, 42, 70], [46, 47, 48], [49, 66, 67], [57, 58, 59], [85, 212, 214], [103, 104, 181], [182, 186, 187], [110, 111, 112], [113, 114, 142], [163, 164, 165], [151, 153, 166], [201, 202, 203], [157, 158, 159], [161, 162, 189], [204, 205, 206], [167, 168, 200], [3, 138], [4, 5], [8, 9], [11, 53], [10, 51], [14, 102], [20, 21], [22, 43], [44, 45], [52, 54], [68, 69], [88, 89], [115, 183], [184, 185], [116, 139], [127, 128], [140, 141], [152, 155], [156, 193], [194, 195], [196, 199], [1], [12], [15], [16], [27], [28], [55], [56], [63], [75], [84], [91], [133], [154], [172], [176], [180]]
-------------------------------------------------------------------------------
/home/pdb/pdb/ix/pdb2ixt.ent.gz 2ixt

  Preparation for phenix.refine

    Add hydrogens
      - to protein model using phenix.reduce


  Reduce warnings
*WARNING*: Residues ASN 240  and GLY 241  in chain  B appear unbonded 
            and will be treated as a chain break
*WARNING*: Residues ASN 240  and GLY 241  in chain  B appear unbonded 
            and will be treated as a chain break


    Adding hydrogens to water molecules
      
clusters: [[7, 89, 90, 91, 235, 243], [265, 266, 267, 268, 270, 278], [127, 128, 129, 130, 131, 132], [294, 295, 299, 301, 302, 303], [2, 3, 4, 5, 6], [233, 234, 247, 251, 252], [28, 133, 261, 263, 264], [115, 116, 118, 119, 122], [67, 68, 69, 103, 107], [100, 123, 124, 125, 126], [203, 288, 291, 292, 293], [541, 542, 543, 555, 556], [337, 403, 404, 405, 406], [561, 562, 563, 564, 565], [583, 584, 585, 587, 588], [483, 484, 485, 486, 518], [519, 520, 532, 533, 609], [1, 43, 83, 84], [85, 86, 87, 88], [8, 230, 231, 232], [10, 22, 78, 79], [92, 93, 255, 258], [17, 18, 19, 20], [27, 96, 97, 98], [33, 54, 102, 104], [34, 35, 36, 66], [38, 40, 41, 42], [44, 45, 241, 242], [50, 51, 52, 62], [63, 64, 65, 101], [108, 109, 110, 111], [70, 71, 72, 73], [74, 75, 238, 239], [145, 146, 147, 148], [149, 150, 151, 152], [153, 156, 157, 158], [159, 160, 161, 163], [165, 166, 167, 177], [181, 187, 188, 189], [171, 172, 173, 176], [205, 207, 208, 209], [185, 186, 222, 276], [226, 227, 280, 304], [283, 284, 285, 286], [392, 397, 398, 552], [316, 399, 400, 544], [317, 515, 539, 540], [326, 327, 328, 329], [615, 616, 617, 618], [333, 334, 335, 336], [429, 445, 446, 447], [357, 385, 408, 410], [386, 545, 546, 547], [387, 557, 559, 560], [417, 418, 419, 420], [425, 426, 427, 428], [471, 580, 581, 582], [490, 495, 496, 497], [479, 480, 516, 517], [499, 500, 501, 512], [513, 537, 538, 611], [528, 529, 607, 613], [572, 573, 574, 575], [576, 577, 578, 579], [11, 15, 16], [259, 308, 309], [24, 25, 26], [57, 58, 61], [55, 105, 106], [81, 82, 95], [117, 120, 121], [135, 164, 260], [141, 142, 143], [144, 178, 179], [162, 271, 272], [273, 274, 275], [168, 169, 170], [174, 175, 210], [182, 183, 184], [192, 228, 229], [305, 306, 307], [195, 201, 202], [196, 197, 198], [199, 200, 290], [211, 212, 213], [214, 215, 300], [218, 219, 298], [220, 224, 225], [279, 281, 282], [310, 311, 352], [313, 314, 315], [319, 323, 402], [320, 324, 325], [321, 322, 568], [441, 442, 443], [340, 341, 342], [377, 378, 548], [345, 346, 348], [351, 353, 354], [394, 395, 396], [356, 389, 407], [373, 374, 375], [369, 370, 371], [379, 382, 383], [414, 415, 416], [421, 423, 424], [434, 464, 468], [450, 451, 452], [453, 487, 488], [465, 466, 467], [469, 470, 472], [473, 474, 489], [475, 498, 558], [476, 477, 478], [510, 511, 597], [505, 506, 507], [508, 509, 599], [525, 526, 527], [534, 608, 610], [586, 589, 590], [594, 595, 614], [604, 605, 606], [13, 14], [23, 94], [29, 31], [134, 136], [30, 137], [32, 76], [37, 39], [48, 99], [53, 56], [59, 60], [77, 80], [112, 113], [139, 140], [154, 155], [191, 204], [206, 249], [193, 194], [216, 217], [253, 254], [256, 257], [287, 289], [296, 297], [330, 331], [338, 409], [343, 449], [344, 376], [347, 549], [550, 551], [349, 350], [355, 393], [358, 359], [360, 372], [361, 368], [362, 363], [364, 365], [380, 381], [384, 448], [411, 431], [432, 435], [422, 455], [457, 458], [430, 433], [436, 438], [439, 440], [444, 566], [569, 570], [456, 460], [459, 461], [462, 463], [491, 492], [493, 531], [502, 504], [535, 612], [567, 571], [591, 592], [596, 598], [600, 601], [602, 603], [9], [12], [21], [46], [47], [49], [114], [138], [180], [190], [221], [223], [236], [237], [240], [244], [245], [246], [248], [250], [262], [269], [277], [312], [318], [332], [339], [366], [367], [388], [390], [391], [401], [412], [413], [437], [454], [481], [482], [494], [503], [514], [521], [522], [523], [524], [530], [536], [553], [554], [593], [619]]
-------------------------------------------------------------------------------
/home/pdb/pdb/yg/pdb2ygi.ent.gz 2ygi

  Preparation for phenix.refine

    Add hydrogens
      - to protein model using phenix.reduce


  Reduce warnings
*WARNING*: Residues SER 3  and ALA 5  in chain  A appear unbonded 
            and will be treated as a chain break
*WARNING*: Residues SER 3  and ALA 5  in chain  A appear unbonded 
            and will be treated as a chain break
*WARNING*: Residues SER 3  and ALA 5  in chain  B appear unbonded 
            and will be treated as a chain break
*WARNING*: Residues SER 3  and ALA 5  in chain  B appear unbonded 
            and will be treated as a chain break
*WARNING*: Residues SER 3  and ALA 5  in chain  C appear unbonded 
            and will be treated as a chain break
*WARNING*: Residues SER 3  and ALA 5  in chain  C appear unbonded 
            and will be treated as a chain break
*WARNING*: Residues SER 3  and ALA 5  in chain  D appear unbonded 
            and will be treated as a chain break
*WARNING*: Residues SER 3  and ALA 5  in chain  D appear unbonded 
            and will be treated as a chain break


    Adding hydrogens to water molecules
      
clusters: [[1, 2, 8], [7, 15, 16], [3, 4], [11, 12], [5, 6], [9, 10], [13, 14]]
-------------------------------------------------------------------------------
/home/pdb/pdb/yg/pdb2ygj.ent.gz 2ygj

  Preparation for phenix.refine

    Add hydrogens
      - to protein model using phenix.reduce


  Reduce warnings
*WARNING*: Residues SER 3  and ALA 5  in chain  A appear unbonded 
            and will be treated as a chain break
*WARNING*: Residues SER 3  and ALA 5  in chain  A appear unbonded 
            and will be treated as a chain break


    Adding hydrogens to water molecules
      
clusters: [[1, 2], [3, 4]]
-------------------------------------------------------------------------------
/home/pdb/pdb/ej/pdb1ejg.ent.gz 1ejg

  Preparation for phenix.refine

    Add hydrogens
      - to protein model using phenix.reduce


    Adding hydrogens to water molecules
      
FAILED: /home/pdb/pdb/ej/pdb1ejg.ent.gz
error in cluster  A  22  ['"ATOM    309  CA  PRO A  22 .*.     C  "', '"ATOM    312  CB  PRO A  22 .*.     C  "', '"ATOM    322  CA  SER A  22 .*.     C  "', '"ATOM    325  CB  SER A  22 .*.     C  "']
-------------------------------------------------------------------------------
/home/pdb/pdb/yc/pdb5yce.ent.gz 5yce

  Preparation for phenix.refine

    Add hydrogens
      - to protein model using phenix.reduce


    Adding hydrogens to water molecules
      
clusters: [[6, 7, 8, 9, 10], [95, 96, 97, 98, 99], [49, 50, 51, 53, 54], [55, 57, 58, 59, 61], [140, 141, 142, 143, 144], [2, 3, 4, 5], [13, 15, 16, 17], [18, 19, 115, 119], [28, 31, 32, 106], [107, 108, 109, 110], [29, 62, 63, 64], [65, 66, 67, 68], [39, 40, 41, 43], [42, 92, 93, 94], [72, 73, 74, 111], [85, 86, 87, 88], [89, 90, 91, 145], [103, 104, 105, 146], [112, 123, 124, 125], [126, 127, 128, 131], [136, 137, 138, 139], [20, 23, 24], [27, 114, 118], [33, 37, 38], [44, 46, 47], [69, 70, 71], [79, 80, 81], [82, 83, 84], [100, 101, 102], [132, 133, 134], [147, 148, 150], [11, 14], [76, 77], [21, 22], [25, 26], [30, 34], [52, 56], [35, 36], [45, 60], [75, 78], [113, 116], [117, 120], [129, 130], [1], [12], [48], [121], [122], [135], [149], [151]]
-------------------------------------------------------------------------------
/home/pdb/pdb/uc/pdb1ucs.ent.gz 1ucs

  Preparation for phenix.refine

    Add hydrogens
      - to protein model using phenix.reduce


    Adding hydrogens to water molecules
      
clusters: [[27, 28, 29, 30], [3, 4, 5, 6], [24, 25, 33, 34], [7, 8, 9, 18], [19, 20, 21, 22], [13, 14, 15, 45], [46, 47, 58, 59], [54, 55, 56, 57], [38, 39, 40, 41], [1, 2, 26], [10, 11, 12], [48, 49, 50], [16, 17, 42], [23, 51, 52], [31, 32, 53], [35, 36, 37], [60, 61], [62, 63], [43], [44], [64]]
-------------------------------------------------------------------------------
