/home/pdb/pdb/al/pdb3al1.ent.gz 3al1

  Preparation for phenix.refine

    Add hydrogens
      - to protein model using phenix.reduce


    Adding hydrogens to water molecules
      
clusters: [[3, 6, 7, 8], [9, 10, 11, 12], [13, 14, 15, 16], [17, 18, 19, 20], [5, 21, 22], [1, 2], [4], [23], [24]]
-------------------------------------------------------------------------------
/home/pdb/pdb/al/pdb5al6.ent.gz 5al6

  Preparation for phenix.refine

    Add hydrogens
      - to protein model using phenix.reduce


    Adding hydrogens to water molecules
      
clusters: [[40, 41, 42, 43, 44], [15, 16, 17, 18], [36, 37, 38, 39], [3, 4, 5], [6, 7, 8], [9, 10, 11], [12, 13, 14], [24, 25, 26], [27, 28, 29], [30, 31, 32], [33, 34, 35], [1, 2], [19, 20], [22, 23], [21]]
-------------------------------------------------------------------------------
/home/pdb/pdb/kw/pdb5kwm.ent.gz 5kwm

  Preparation for phenix.refine

    Add hydrogens
      - to protein model using phenix.reduce


    Adding hydrogens to water molecules
      
clusters: [[1, 2, 126, 127, 128], [129, 130, 131, 132, 175], [11, 59, 136, 137, 138], [178, 179, 180, 181, 193], [41, 74, 75, 76, 77], [78, 89, 90, 217, 218], [83, 85, 86, 87, 88], [117, 119, 120, 144, 163], [183, 184, 185, 188, 190], [152, 153, 154, 164, 205], [7, 8, 9, 10], [24, 25, 26, 27], [28, 29, 39, 177], [31, 32, 33, 34], [35, 36, 102, 103], [58, 60, 61, 62], [63, 64, 65, 135], [70, 71, 72, 73], [92, 93, 94, 95], [79, 80, 81, 82], [157, 158, 162, 195], [105, 106, 107, 189], [211, 212, 214, 215], [145, 149, 150, 151], [14, 15, 122], [16, 30, 37], [17, 18, 19], [22, 23, 52], [40, 192, 194], [45, 46, 47], [55, 66, 67], [84, 155, 156], [110, 111, 112], [113, 114, 115], [118, 142, 143], [165, 166, 167], [121, 139, 141], [125, 133, 134], [146, 147, 148], [200, 201, 202], [173, 174, 199], [196, 206, 207], [197, 198, 204], [3, 140], [171, 172], [4, 5], [12, 13], [20, 21], [42, 44], [48, 49], [50, 51], [53, 54], [68, 69], [56, 98], [99, 100], [160, 161], [210, 213], [168, 203], [169, 170], [186, 187], [191, 209], [219, 220], [221, 222], [6], [38], [43], [57], [91], [96], [97], [101], [104], [108], [109], [116], [123], [124], [159], [176], [182], [208], [216]]
-------------------------------------------------------------------------------
/home/pdb/pdb/b9/pdb2b97.ent.gz 2b97

  Preparation for phenix.refine

    Add hydrogens
      - to protein model using phenix.reduce


    Adding hydrogens to water molecules
      
clusters: [[8, 9, 10, 52, 53, 54], [3, 4, 5, 6, 7], [43, 46, 47, 48, 50], [83, 109, 112, 113, 114], [115, 116, 117, 118, 119], [13, 29, 39, 42], [14, 23, 24, 25], [26, 59, 60, 61], [20, 21, 22, 89], [103, 104, 105, 108], [73, 74, 75, 76], [77, 78, 79, 80], [134, 135, 136, 137], [126, 127, 128, 132], [68, 69, 70], [56, 57, 62], [15, 16, 49], [17, 18, 19], [27, 28, 58], [33, 34, 38], [72, 101, 102], [81, 121, 122], [82, 98, 125], [84, 85, 86], [93, 94, 131], [90, 91, 92], [106, 107, 110], [138, 139, 140], [123, 124, 133], [1, 35], [36, 37], [2, 67], [12, 55], [31, 32], [40, 41], [44, 45], [51, 64], [65, 66], [87, 88], [95, 96], [97, 129], [11], [30], [63], [71], [99], [100], [111], [120], [130]]
-------------------------------------------------------------------------------
/home/pdb/pdb/d8/pdb5d8v.ent.gz 5d8v

  Preparation for phenix.refine

    Add hydrogens
      - to protein model using phenix.reduce


    Adding hydrogens to water molecules
      
clusters: [[7, 11, 12, 13, 14, 15], [16, 17, 18, 19, 64, 75], [27, 28, 29, 30, 31], [32, 33, 38, 39, 74], [49, 50, 51, 52, 53], [59, 60, 61, 68, 69], [70, 71, 72, 73], [41, 42, 45, 78], [80, 81, 82, 83], [1, 2, 3], [4, 6, 58], [20, 22, 23], [24, 25, 26], [21, 43, 57], [36, 37, 40], [46, 47, 79], [5, 65], [66, 67], [8, 10], [55, 56], [9], [34], [35], [44], [48], [54], [62], [63], [76], [77]]
-------------------------------------------------------------------------------
/home/pdb/pdb/pv/pdb2pve.ent.gz 2pve

  Preparation for phenix.refine

    Add hydrogens
      - to protein model using phenix.reduce


    Adding hydrogens to water molecules
      
clusters: [[143, 144, 145, 146, 148, 153], [45, 47, 48, 49, 135], [86, 87, 88, 89, 98], [109, 110, 113, 114, 115], [121, 122, 130, 131, 132], [6, 7, 8, 44], [39, 40, 41, 42], [30, 31, 32, 33], [18, 19, 20, 22], [23, 24, 25, 26], [54, 55, 56, 57], [64, 102, 103, 104], [58, 59, 60, 96], [97, 99, 100, 101], [61, 63, 90, 91], [92, 93, 94, 95], [65, 66, 67, 68], [69, 70, 78, 80], [74, 75, 76, 77], [82, 83, 84, 85], [117, 118, 119, 120], [126, 127, 128, 129], [133, 134, 136, 137], [138, 139, 141, 150], [15, 16, 27], [2, 3, 4], [12, 51, 52], [9, 10, 11], [13, 28, 29], [36, 37, 46], [53, 79, 81], [71, 72, 73], [106, 107, 108], [154, 155, 156], [123, 124, 125], [1, 14], [34, 35], [38, 43], [111, 149], [151, 152], [5], [17], [21], [50], [62], [105], [112], [116], [140], [142], [147]]
-------------------------------------------------------------------------------
/home/pdb/pdb/i8/pdb4i8h.ent.gz 4i8h

  Preparation for phenix.refine

    Add hydrogens
      - to protein model using phenix.reduce


    Adding hydrogens to water molecules
      
clusters: [[46, 47, 48, 49, 55, 67], [5, 6, 7, 12, 117], [119, 120, 135, 136, 137], [17, 18, 19, 23, 24], [216, 219, 220, 222, 223], [209, 210, 211, 212, 213], [148, 149, 150, 151, 152], [170, 171, 197, 198], [15, 16, 26, 27], [28, 35, 179, 180], [32, 65, 66, 90], [91, 92, 93, 94], [34, 69, 71, 87], [38, 39, 40, 84], [85, 190, 191, 192], [103, 104, 105, 182], [185, 186, 187, 188], [109, 159, 207, 208], [144, 145, 146, 147], [156, 160, 161, 162], [193, 204, 205, 206], [2, 126, 169], [8, 9, 11], [52, 61, 99], [41, 177, 178], [56, 57, 133], [60, 62, 64], [63, 95, 96], [97, 100, 101], [72, 73, 74], [75, 76, 215], [77, 78, 79], [80, 81, 82], [106, 107, 108], [110, 111, 112], [113, 114, 142], [131, 174, 175], [123, 124, 125], [130, 132, 173], [163, 164, 203], [154, 155, 157], [167, 168, 200], [3, 138], [10, 51], [13, 98], [14, 29], [31, 102], [20, 21], [22, 43], [25, 37], [42, 86], [44, 45], [53, 54], [58, 59], [68, 89], [115, 184], [116, 139], [121, 122], [128, 129], [141, 143], [165, 166], [195, 196], [199, 202], [214, 217], [218, 221], [1], [4], [30], [33], [36], [50], [70], [83], [88], [118], [127], [134], [140], [153], [158], [172], [176], [181], [183], [189], [194], [201]]
-------------------------------------------------------------------------------
/home/pdb/pdb/i8/pdb4i8g.ent.gz 4i8g

  Preparation for phenix.refine

    Add hydrogens
      - to protein model using phenix.reduce


    Adding hydrogens to water molecules
      
clusters: [[183, 185, 186, 187, 188, 209], [219, 220, 221, 222, 223], [38, 39, 40, 41, 42], [84, 177, 178, 191, 192], [103, 104, 105, 106, 182], [173, 174, 175, 176], [170, 171, 197, 198], [9, 10, 11, 12], [32, 96, 101, 102], [22, 23, 24, 43], [30, 34, 71, 87], [50, 65, 66, 90], [91, 92, 93, 94], [55, 56, 133, 134], [76, 77, 78, 79], [80, 81, 82, 83], [109, 158, 159, 207], [208, 210, 211, 212], [113, 114, 141, 142], [143, 144, 145, 146], [147, 148, 149, 150], [1, 120, 122], [2, 126, 169], [5, 116, 117], [118, 137, 139], [6, 7, 8], [14, 29, 31], [15, 26, 27], [28, 119, 179], [16, 17, 18], [35, 48, 49], [19, 20, 21], [52, 53, 54], [57, 58, 59], [60, 61, 62], [110, 111, 112], [123, 124, 125], [130, 131, 132], [166, 201, 202], [164, 203, 204], [216, 217, 218], [3, 138], [13, 98], [36, 37], [44, 45], [46, 47], [51, 99], [63, 95], [97, 100], [67, 69], [70, 88], [72, 73], [74, 85], [121, 136], [127, 128], [151, 153], [152, 155], [156, 193], [160, 161], [205, 206], [162, 163], [165, 167], [168, 200], [180, 190], [194, 195], [196, 199], [214, 215], [4], [25], [33], [64], [68], [75], [86], [89], [107], [108], [115], [129], [135], [140], [154], [157], [172], [181], [184], [189], [213]]
-------------------------------------------------------------------------------
/home/pdb/pdb/ui/pdb3ui4.ent.gz 3ui4

  Preparation for phenix.refine

    Add hydrogens
      - to protein model using phenix.reduce


    Adding hydrogens to water molecules
      
clusters: [[21, 43, 91, 92, 93], [25, 34, 81, 82, 83], [84, 85, 86, 94, 95], [1, 2, 3, 4], [5, 6, 56, 57], [69, 70, 71, 100], [47, 48, 49, 50], [14, 15, 16, 17], [27, 28, 29, 30], [31, 32, 37, 40], [78, 79, 80, 96], [7, 54, 101], [8, 60, 68], [51, 52, 53], [11, 45, 46], [19, 20, 22], [23, 24, 41], [55, 58, 59], [88, 89, 90], [65, 66, 67], [72, 73, 74], [97, 98, 99], [75, 76, 77], [9, 10], [12, 13], [38, 42], [33, 36], [61, 87], [62, 63], [18], [26], [35], [39], [44], [64]]
-------------------------------------------------------------------------------
/home/pdb/pdb/nf/pdb5nfm.ent.gz 5nfm

  Preparation for phenix.refine

    Add hydrogens
      - to protein model using phenix.reduce


    Adding hydrogens to water molecules
      
clusters: [[39, 40, 41, 72, 73, 74], [14, 35, 36, 37, 38], [9, 10, 13, 55], [56, 57, 58, 59], [47, 48, 50, 51], [7, 8, 11], [16, 17, 18], [21, 22, 24], [31, 32, 68], [23, 26, 27], [28, 29, 30], [43, 44, 46], [45, 49, 52], [53, 69, 71], [60, 61, 62], [63, 66, 67], [1, 2], [3, 5], [4, 6], [12, 15], [19, 20], [33, 34], [64, 65], [25], [42], [54], [70], [75]]
-------------------------------------------------------------------------------
/home/pdb/pdb/re/pdb4rek.ent.gz 4rek

  Preparation for phenix.refine

    Add hydrogens
      - to protein model using phenix.reduce


    Adding hydrogens to water molecules
      
FAILED: /home/pdb/pdb/re/pdb4rek.ent.gz

-------------------------------------------------------------------------------
/home/pdb/pdb/ni/pdb3nir.ent.gz 3nir

  Preparation for phenix.refine

    Add hydrogens
      - to protein model using phenix.reduce


    Adding hydrogens to water molecules
      
clusters: [[8, 9, 10, 45, 46], [12, 13, 14, 15, 16], [17, 18, 19, 20, 21], [37, 38, 39, 40], [4, 5, 6, 7], [25, 26, 27, 34], [1, 2, 35], [3, 31, 32], [33, 41, 44], [22, 23, 24], [28, 29, 30], [11], [36], [42], [43]]
-------------------------------------------------------------------------------
/home/pdb/pdb/yk/pdb1yk4.ent.gz 1yk4

  Preparation for phenix.refine

    Add hydrogens
      - to protein model using phenix.reduce


    Adding hydrogens to water molecules
      
clusters: [[17, 24, 25, 26, 27], [1, 2, 3, 4], [11, 49, 50, 51], [5, 6, 7, 41], [43, 46, 47, 48], [13, 14, 15, 16], [21, 22, 23, 39], [10, 38, 40], [18, 19, 20], [30, 31, 32], [35, 36, 45], [37, 42, 44], [8, 9], [28, 29], [33, 34], [12], [52]]
-------------------------------------------------------------------------------
/home/pdb/pdb/ov/pdb2ov0.ent.gz 2ov0

  Preparation for phenix.refine

    Add hydrogens
      - to protein model using phenix.reduce


    Adding hydrogens to water molecules
      
clusters: [[7, 9, 10, 11, 44], [45, 72, 77, 78, 79], [48, 74, 75, 76], [23, 24, 25, 26], [29, 30, 31, 32], [84, 85, 104, 105], [93, 94, 95, 96], [1, 2, 3], [61, 62, 63], [6, 67, 80], [14, 15, 16], [41, 42, 43], [22, 46, 47], [28, 49, 50], [51, 53, 98], [38, 39, 82], [40, 81, 83], [56, 68, 69], [57, 58, 66], [71, 91, 92], [86, 87, 88], [89, 101, 102], [4, 5], [12, 13], [17, 18], [19, 20], [21, 37], [33, 90], [99, 100], [34, 35], [36, 103], [54, 55], [59, 60], [64, 65], [8], [27], [52], [70], [73], [97]]
-------------------------------------------------------------------------------
