/home/yanting/QR/ANI/qr-work/origin_pdb_file/1AA5.pdb
/home/yanting/QR/ANI/qr-work/origin_pdb_file/1AA5.pdb 1AA5

  Preparation for phenix.refine

    Add hydrogens
      - to protein model using phenix.reduce


  Reduce warnings
unrecognized parameter, "phenix.reduce", ignored.


    Adding hydrogens to water molecules
      
clusters: [[1], [2]]
/home/yanting/QR/ANI/qr-work/origin_pdb_file/1P9G.pdb
/home/yanting/QR/ANI/qr-work/origin_pdb_file/1P9G.pdb 1P9G

  Preparation for phenix.refine

    Add hydrogens
      - to protein model using phenix.reduce


  Reduce warnings
unrecognized parameter, "phenix.reduce", ignored.


    Adding hydrogens to water molecules
      
clusters: [[1, 2, 3, 4, 5], [6, 9, 16, 22, 36], [8, 10, 11, 12, 13], [14, 15, 37, 38, 40], [17, 19, 20, 21], [18, 32, 33, 34], [27, 28, 29, 30], [24, 25, 26], [7], [23], [31], [35], [39]]
/home/yanting/QR/ANI/qr-work/origin_pdb_file/1OB6.pdb
/home/yanting/QR/ANI/qr-work/origin_pdb_file/1OB6.pdb 1OB6

  Preparation for phenix.refine

    Add hydrogens
      - to protein model using phenix.reduce


  Reduce warnings
unrecognized parameter, "phenix.reduce", ignored.
*WARNING*: Residues PHE 1  and GLY 6  in chain  A appear unbonded 
            and will be treated as a chain break
*WARNING*: Residues PHE 1  and GLY 6  in chain  A appear unbonded 
            and will be treated as a chain break
*WARNING*: Residues LEU 7  and GLN 11  in chain  A appear unbonded 
            and will be treated as a chain break
*WARNING*: Residues GLN 11  and PRO 15  in chain  A appear unbonded 
            and will be treated as a chain break
*WARNING*: Residues LEU 7  and GLN 11  in chain  A appear unbonded 
            and will be treated as a chain break
*WARNING*: Residues GLN 11  and PRO 15  in chain  A appear unbonded 
            and will be treated as a chain break
*WARNING*: Residues PHE 1  and GLY 6  in chain  B appear unbonded 
            and will be treated as a chain break
*WARNING*: Residues PHE 1  and GLY 6  in chain  B appear unbonded 
            and will be treated as a chain break
*WARNING*: Residues LEU 7  and GLN 11  in chain  B appear unbonded 
            and will be treated as a chain break
*WARNING*: Residues GLN 11  and PRO 15  in chain  B appear unbonded 
            and will be treated as a chain break
*WARNING*: Residues LEU 7  and GLN 11  in chain  B appear unbonded 
            and will be treated as a chain break
*WARNING*: Residues GLN 11  and PRO 15  in chain  B appear unbonded 
            and will be treated as a chain break


    Adding hydrogens to water molecules
      
clusters: [[2, 3], [5, 6], [7, 8], [1], [4], [9], [10]]
/home/yanting/QR/ANI/qr-work/origin_pdb_file/1EJG.pdb
/home/yanting/QR/ANI/qr-work/origin_pdb_file/1EJG.pdb 1EJG

  Preparation for phenix.refine

    Add hydrogens
      - to protein model using phenix.reduce


  Some of the input hydrogens have names that are not correct for the input
  ligand code.  These hydrogens have been removed from the input!

  You must use the output PDB file!


  Reduce warnings
unrecognized parameter, "phenix.reduce", ignored.


    Adding hydrogens to water molecules

File "../tst-pdb-select.py", line 164, in <module>
    result = run(file_name = f_name)
  File "../tst-pdb-select.py", line 133, in run
    crystal_symmetry           = box.cs)
  File "/home/yanting/phenix-dev-3319/modules/qrefine/fragment.py", line 95, in __init__
    self.set_up_cluster_qm()
  File "/home/yanting/phenix-dev-3319/modules/qrefine/fragment.py", line 143, in set_up_cluster_qm
    self.get_fragments()
  File "/home/yanting/phenix-dev-3319/modules/qrefine/fragment.py", line 232, in get_fragments
    check_selection_integrity(atoms, atoms_in_one_cluster)
  File "/home/yanting/phenix-dev-3319/modules/qrefine/fragment.py", line 36, in check_selection_integrity
    check_atoms_integrity(selection, verbose=verbose)
  File "/home/yanting/phenix-dev-3319/modules/qrefine/fragment.py", line 28, in check_atoms_integrity
    assert len(item) in [0,2], 'error in cluster %s %s' % (key, item)
AssertionError: error in cluster  A  22  ['"ATOM    309  CA  PRO A  22 .*.     C  "', '"ATOM    312  CB  PRO A  22 .*.     C  "', '"ATOM    322  CA  SER A  22 .*.     C  "', '"ATOM    325  CB  SER A  22 .*.     C  "']
      
/home/yanting/QR/ANI/qr-work/origin_pdb_file/1UCS.pdb
/home/yanting/QR/ANI/qr-work/origin_pdb_file/1UCS.pdb 1UCS

  Preparation for phenix.refine

    Add hydrogens
      - to protein model using phenix.reduce


  Some of the input hydrogens have names that are not correct for the input
  ligand code.  These hydrogens have been removed from the input!

  You must use the output PDB file!


  Reduce warnings
unrecognized parameter, "phenix.reduce", ignored.


    Adding hydrogens to water molecules
      
clusters: [[1, 25, 26, 27, 28], [5, 24, 33, 34], [6, 7, 8, 22], [23, 51, 52, 53], [12, 48, 49, 50], [19, 35, 36, 37], [38, 39, 40, 41], [32, 54, 55, 56], [57, 58, 59, 60], [2, 3, 4], [9, 10, 11], [13, 14, 15], [45, 46, 47], [16, 17, 18], [20, 21, 42], [29, 30, 31], [43, 44, 61], [62, 63, 64]]
/home/yanting/QR/ANI/qr-work/origin_pdb_file/2FMA.pdb
/home/yanting/QR/ANI/qr-work/origin_pdb_file/2FMA.pdb 2FMA

  Preparation for phenix.refine

    Add hydrogens
      - to protein model using phenix.reduce


  Reduce warnings
unrecognized parameter, "phenix.reduce", ignored.


    Adding hydrogens to water molecules
      
clusters: [[36, 37, 55, 56, 57], [28, 32, 33, 58, 59], [3, 4, 34, 35], [8, 9, 41, 42], [43, 49, 50, 51], [10, 12, 13, 15], [16, 18, 19, 20], [17, 21, 24, 38], [39, 40, 52, 53], [22, 23, 25, 26], [27, 29, 30, 31], [5, 6, 54], [14, 44, 45], [46, 47, 48], [1, 2], [7], [11]]
/home/yanting/QR/ANI/qr-work/origin_pdb_file/3U7T.pdb
/home/yanting/QR/ANI/qr-work/origin_pdb_file/3U7T.pdb 3U7T

  Preparation for phenix.refine

    Add hydrogens
      - to protein model using phenix.reduce


  Some of the input hydrogens have names that are not correct for the input
  ligand code.  These hydrogens have been removed from the input!

  You must use the output PDB file!


  Reduce warnings
unrecognized parameter, "phenix.reduce", ignored.


    Adding hydrogens to water molecules
      
clusters: [[4, 5, 43, 45, 46], [17, 18, 19, 20, 21], [13, 22, 23, 24, 25], [26, 27, 28, 29, 30], [12, 14, 15, 16], [1, 35, 37], [38, 39, 40], [3, 31, 32], [33, 41, 44], [6, 7, 8], [9, 10, 11], [2], [34], [36], [42]]
/home/yanting/QR/ANI/qr-work/origin_pdb_file/5JQF.pdb
/home/yanting/QR/ANI/qr-work/origin_pdb_file/5JQF.pdb 5JQF

  Preparation for phenix.refine

    Add hydrogens
      - to protein model using phenix.reduce


  Some of the input hydrogens have names that are not correct for the input
  ligand code.  These hydrogens have been removed from the input!

  You must use the output PDB file!


  Reduce warnings
unrecognized parameter, "phenix.reduce", ignored.
WARNING: A   1 GLY N    H atom too close to  A   1 GLY CA   by -0.234139A
        if warning inappropriate, adjust the cuttoffs using -METALBump or -NONMETALBump.
WARNING: A   1 GLY N    H atom too close to  A   1 GLY CA   by -0.234139A
        if warning inappropriate, adjust the cuttoffs using -METALBump or -NONMETALBump.
WARNING: A   1 GLY N    H atom too close to  A   9 ASP CG   by -0.166592A
        if warning inappropriate, adjust the cuttoffs using -METALBump or -NONMETALBump.
WARNING: A   1 GLY N    H atom too close to  A   1 GLY CA   by -0.234139A
        if warning inappropriate, adjust the cuttoffs using -METALBump or -NONMETALBump.
WARNING: B   1 GLY N    H atom too close to  B   1 GLY CA   by -0.226273A
        if warning inappropriate, adjust the cuttoffs using -METALBump or -NONMETALBump.
WARNING: B   1 GLY N    H atom too close to  B   9 ASP CG   by -0.167971A
        if warning inappropriate, adjust the cuttoffs using -METALBump or -NONMETALBump.
WARNING: B   1 GLY N    H atom too close to  B   1 GLY CA   by -0.226273A
        if warning inappropriate, adjust the cuttoffs using -METALBump or -NONMETALBump.
WARNING: B   1 GLY N    H atom too close to  B   1 GLY CA   by -0.226273A
        if warning inappropriate, adjust the cuttoffs using -METALBump or -NONMETALBump.


    Adding hydrogens to water molecules
      
clusters: [[1, 2, 3, 4, 5], [9, 12, 14, 15, 16], [17, 18, 40, 41, 42], [19, 20, 21, 38, 39], [22, 24, 26, 27], [28, 29, 36, 37], [30, 31, 32], [33, 34, 35], [6, 8], [10, 11], [7], [13], [23], [25]]
/home/yanting/QR/ANI/qr-work/origin_pdb_file/3ZR8.pdb
/home/yanting/QR/ANI/qr-work/origin_pdb_file/3ZR8.pdb 3ZR8

  Preparation for phenix.refine

    Add hydrogens
      - to protein model using phenix.reduce


  Reduce warnings
unrecognized parameter, "phenix.reduce", ignored.


    Adding hydrogens to water molecules
      
clusters: [[16, 17, 18, 19, 21, 25], [1, 2, 3, 4, 5], [6, 7, 8, 9, 10], [11, 12, 13, 14, 15], [26, 29, 30, 32, 33], [34, 35, 58, 61, 62], [40, 41, 42, 43, 55], [20, 22, 23, 24], [36, 37, 38, 39], [56, 57, 59, 60], [45, 46, 47], [48, 49, 50], [63, 64, 65], [44, 51], [52, 53], [27], [28], [31], [54]]
/home/yanting/QR/ANI/qr-work/origin_pdb_file/3AL1.pdb
/home/yanting/QR/ANI/qr-work/origin_pdb_file/3AL1.pdb 3AL1

  Preparation for phenix.refine

    Add hydrogens
      - to protein model using phenix.reduce


  Reduce warnings
unrecognized parameter, "phenix.reduce", ignored.


    Adding hydrogens to water molecules
      
clusters: [[1, 2, 3, 4, 5], [6, 7, 8, 9, 10], [13, 14, 15, 16], [17, 18, 19, 20], [21, 22, 23, 24], [11], [12]]
/home/yanting/QR/ANI/qr-work/origin_pdb_file/2PYA.pdb
/home/yanting/QR/ANI/qr-work/origin_pdb_file/2PYA.pdb 2PYA

  Preparation for phenix.refine

    Add hydrogens
      - to protein model using phenix.reduce


  Some of the input hydrogens have names that are not correct for the input
  ligand code.  These hydrogens have been removed from the input!

  You must use the output PDB file!


  Reduce warnings
unrecognized parameter, "phenix.reduce", ignored.


    Adding hydrogens to water molecules
      
clusters: [[1, 2, 12, 13, 14], [43, 44, 46, 47, 48], [17, 24, 25, 26, 27], [28, 29, 30, 31, 32], [33, 34, 35, 36, 45], [3, 49, 50, 51], [4, 5, 6, 7], [38, 39, 40, 41], [8, 9, 10], [18, 19, 20], [21, 22, 23], [15, 16], [37, 42], [11], [52]]
/home/yanting/QR/ANI/qr-work/origin_pdb_file/1IUA.pdb
/home/yanting/QR/ANI/qr-work/origin_pdb_file/1IUA.pdb 1IUA

  Preparation for phenix.refine

    Add hydrogens
      - to protein model using phenix.reduce


  Reduce warnings
unrecognized parameter, "phenix.reduce", ignored.


    Adding hydrogens to water molecules
      
clusters: [[2, 3, 4, 5, 6], [7, 8, 9, 10, 11], [12, 13, 14, 15, 64], [44, 70, 71, 72, 73], [19, 21, 42, 43], [27, 28, 29, 30], [31, 32, 38, 39], [33, 34, 36, 37], [40, 41, 45, 78], [80, 81, 82, 83], [49, 50, 51, 52], [53, 59, 60, 69], [54, 55, 58, 68], [61, 62, 63, 65], [17, 18, 74], [75, 76, 77], [20, 22, 23], [24, 25, 26], [46, 47, 79], [1], [16], [35], [48], [56], [57], [66], [67]]
/home/yanting/QR/ANI/qr-work/origin_pdb_file/6ANN.pdb
/home/yanting/QR/ANI/qr-work/origin_pdb_file/6ANN.pdb 6ANN
/home/yanting/QR/ANI/qr-work/origin_pdb_file/5AL6.pdb
/home/yanting/QR/ANI/qr-work/origin_pdb_file/5AL6.pdb 5AL6

  Preparation for phenix.refine

    Add hydrogens
      - to protein model using phenix.reduce


  Some of the input hydrogens have names that are not correct for the input
  ligand code.  These hydrogens have been removed from the input!

  You must use the output PDB file!


  Reduce warnings
unrecognized parameter, "phenix.reduce", ignored.


    Adding hydrogens to water molecules
      
clusters: [[20, 21, 22, 23, 24], [25, 26, 27, 28, 29], [30, 31, 32, 33, 34], [35, 36, 37, 38, 39], [40, 41, 42, 43, 44], [4, 5, 6, 7], [1, 2, 3], [8, 9, 10], [11, 12, 13], [14, 15, 16], [17, 18, 19]]
/home/yanting/QR/ANI/qr-work/origin_pdb_file/1YK4.pdb
/home/yanting/QR/ANI/qr-work/origin_pdb_file/1YK4.pdb 1YK4

  Preparation for phenix.refine

    Add hydrogens
      - to protein model using phenix.reduce


  Some of the input hydrogens have names that are not correct for the input
  ligand code.  These hydrogens have been removed from the input!

  You must use the output PDB file!


  Reduce warnings
unrecognized parameter, "phenix.reduce", ignored.


    Adding hydrogens to water molecules
      
clusters: [[43, 44, 46, 47, 48], [33, 34, 35, 36, 45], [1, 2, 3, 11], [49, 50, 51, 52], [4, 5, 6, 7], [38, 39, 40, 41], [16, 17, 19, 23], [24, 25, 26, 27], [18, 20, 21, 22], [8, 9, 10], [12, 28, 29], [30, 31, 32], [13, 14, 15], [37, 42]]
/home/yanting/QR/ANI/qr-work/origin_pdb_file/2O9S.pdb
/home/yanting/QR/ANI/qr-work/origin_pdb_file/2O9S.pdb 2O9S

  Preparation for phenix.refine

    Add hydrogens
      - to protein model using phenix.reduce


  Reduce warnings
unrecognized parameter, "phenix.reduce", ignored.


    Adding hydrogens to water molecules
      
clusters: [[25, 27, 55, 58, 59, 60], [11, 12, 13, 14, 15], [10, 29, 30, 31], [19, 20, 21, 22], [23, 45, 46, 47], [49, 50, 51, 52], [32, 33, 34, 35], [42, 43, 44, 66], [36, 37, 38, 39], [40, 41, 56, 57], [1, 2, 3], [4, 5, 6], [7, 8, 62], [63, 64, 65], [16, 17, 18], [9], [24], [26], [28], [48], [53], [54], [61], [67]]
/home/yanting/QR/ANI/qr-work/origin_pdb_file/3G21.pdb
/home/yanting/QR/ANI/qr-work/origin_pdb_file/3G21.pdb 3G21

  Preparation for phenix.refine

    Add hydrogens
      - to protein model using phenix.reduce


  Reduce warnings
unrecognized parameter, "phenix.reduce", ignored.


    Adding hydrogens to water molecules
      
clusters: [[4, 22, 23, 24, 25], [26, 27, 28, 29, 40], [60, 61, 62, 63, 64], [9, 10, 13, 14], [17, 18, 21, 48], [74, 75, 76, 77], [31, 32, 33, 34], [35, 36, 38, 39], [44, 45, 46, 66], [54, 55, 56, 57], [58, 59, 69, 72], [3, 5, 6], [7, 8, 47], [11, 49, 50], [15, 52, 73], [16, 19, 20], [41, 42, 43], [67, 70, 71], [65, 68], [1], [2], [12], [30], [37], [51], [53]]
/home/yanting/QR/ANI/qr-work/origin_pdb_file/3NIR.pdb
/home/yanting/QR/ANI/qr-work/origin_pdb_file/3NIR.pdb 3NIR

  Preparation for phenix.refine

    Add hydrogens
      - to protein model using phenix.reduce


  Some of the input hydrogens have names that are not correct for the input
  ligand code.  These hydrogens have been removed from the input!

  You must use the output PDB file!


  Reduce warnings
unrecognized parameter, "phenix.reduce", ignored.


    Adding hydrogens to water molecules
      
clusters: [[8, 9, 10, 32, 46], [12, 13, 14, 15, 16], [17, 18, 19, 20, 21], [26, 27, 28, 29, 30], [1, 2, 3, 35], [37, 38, 39, 40], [4, 5, 6, 7], [22, 23, 24, 25], [33, 41, 42], [43, 44, 45], [11], [31], [34], [36]]
/home/yanting/QR/ANI/qr-work/origin_pdb_file/1G6X.pdb
/home/yanting/QR/ANI/qr-work/origin_pdb_file/1G6X.pdb 1G6X

  Preparation for phenix.refine

    Add hydrogens
      - to protein model using phenix.reduce


  Reduce warnings
unrecognized parameter, "phenix.reduce", ignored.
*WARNING*: Residues GLY 56  and GLY 57  in chain  A appear unbonded 
            and will be treated as a chain break
*WARNING*: Residues GLY 56  and GLY 57  in chain  A appear unbonded 
            and will be treated as a chain break


    Adding hydrogens to water molecules
      
clusters: [[10, 12, 13, 20, 35], [38, 39, 40, 41, 44], [16, 17, 18, 19, 34], [45, 46, 47, 48, 51], [1, 2, 3, 4], [5, 6, 54, 55], [7, 8, 9, 43], [21, 22, 23, 30], [49, 50, 52, 53], [14, 36, 37], [24, 25, 26], [27, 28, 29], [11, 33], [57, 58], [15], [31], [32], [42], [56]]
/home/yanting/QR/ANI/qr-work/origin_pdb_file/4EIC.pdb
/home/yanting/QR/ANI/qr-work/origin_pdb_file/4EIC.pdb 4EIC

  Preparation for phenix.refine

    Add hydrogens
      - to protein model using phenix.reduce


  Reduce warnings
unrecognized parameter, "phenix.reduce", ignored.


    Adding hydrogens to water molecules
      
clusters: [[9, 10, 11, 12, 13], [14, 15, 16, 17, 18], [23, 24, 25, 26, 27], [37, 40, 41, 42, 43], [44, 45, 46, 47, 48], [60, 61, 66, 67, 68], [5, 6, 7, 8], [19, 20, 21, 22], [30, 31, 32, 93], [33, 86, 87, 88], [89, 90, 91, 92], [56, 57, 58, 59], [62, 63, 64, 65], [1, 78, 82], [2, 3, 4], [28, 29, 35], [36, 38, 39], [49, 50, 51], [52, 54, 55], [69, 70, 71], [72, 73, 74], [75, 76, 77], [79, 80, 83], [81, 84, 85], [34], [53]]
/home/yanting/QR/ANI/qr-work/origin_pdb_file/4EA9.pdb
/home/yanting/QR/ANI/qr-work/origin_pdb_file/4EA9.pdb 4EA9

  Preparation for phenix.refine

    Add hydrogens
      - to protein model using phenix.reduce


  Reduce warnings
unrecognized parameter, "phenix.reduce", ignored.
*WARNING*: Residues PRO 41  and ALA 45  in chain  A appear unbonded 
            and will be treated as a chain break
*WARNING*: Residues PRO 41  and ALA 45  in chain  A appear unbonded 
            and will be treated as a chain break


    Adding hydrogens to water molecules
      
clusters: [[6, 7, 8, 9, 30], [32, 33, 61, 63, 64], [35, 36, 37, 38, 39], [46, 47, 48, 49, 52], [65, 88, 89, 90, 107], [72, 73, 74, 75, 76], [81, 82, 83, 84, 85], [102, 103, 104, 116, 122], [136, 137, 138, 139, 155], [141, 142, 144, 158, 159], [160, 161, 162, 178, 179], [150, 163, 164, 165, 182], [193, 194, 195, 196, 205], [1, 3, 55, 56], [57, 58, 59, 60], [13, 14, 15, 17], [18, 21, 41, 42], [111, 126, 127, 128], [23, 26, 27, 91], [92, 93, 94, 96], [24, 25, 28, 29], [50, 51, 53, 54], [68, 69, 70, 71], [77, 78, 79, 80], [95, 112, 113, 114], [129, 130, 131, 132], [97, 98, 99, 101], [106, 108, 124, 125], [118, 119, 120, 121], [145, 146, 147, 148], [168, 169, 184, 185], [153, 156, 170, 171], [172, 174, 188, 189], [176, 177, 180, 192], [198, 199, 204, 206], [10, 34, 40], [43, 44, 45], [16, 109, 110], [62, 86, 87], [115, 133, 134], [149, 166, 167], [181, 183, 197], [186, 187, 200], [201, 202, 203], [4, 5], [11, 67], [19, 22], [151, 152], [190, 191], [2], [12], [20], [31], [66], [100], [105], [117], [123], [135], [140], [143], [154], [157], [173], [175], [207]]
/home/yanting/QR/ANI/qr-work/origin_pdb_file/1X8Q.pdb
/home/yanting/QR/ANI/qr-work/origin_pdb_file/1X8Q.pdb 1X8Q

  Preparation for phenix.refine

    Add hydrogens
      - to protein model using phenix.reduce


  Reduce warnings
unrecognized parameter, "phenix.reduce", ignored.


    Adding hydrogens to water molecules
      
clusters: [[2, 3, 4, 31, 132], [80, 81, 108, 109, 110], [55, 56, 178, 179, 182], [28, 38, 164, 165, 166], [39, 167, 168, 169, 170], [43, 58, 171, 172, 173], [76, 77, 78, 79, 82], [85, 86, 101, 102, 103], [104, 105, 123, 124, 125], [159, 160, 161, 162, 163], [5, 6, 7, 8], [13, 14, 15, 16], [17, 18, 19, 139], [22, 44, 45, 46], [24, 140, 141, 142], [30, 32, 33, 34], [35, 36, 131, 133], [40, 41, 42, 59], [50, 51, 52, 54], [74, 75, 83, 84], [60, 61, 62, 63], [64, 65, 66, 67], [69, 90, 91, 92], [93, 94, 181, 184], [70, 87, 88, 89], [95, 96, 97, 98], [154, 155, 156, 157], [25, 26, 27], [135, 136, 137], [29, 134, 158], [47, 48, 49], [53, 72, 73], [106, 121, 122], [107, 119, 120], [111, 112, 113], [115, 116, 117], [126, 127, 128], [144, 145, 146], [147, 149, 150], [151, 152, 153], [174, 176, 177], [1, 129], [10, 11], [23, 114], [99, 100], [138, 143], [180, 183], [9], [12], [20], [21], [37], [57], [68], [71], [118], [130], [148], [175]]
/home/yanting/QR/ANI/qr-work/origin_pdb_file/2F01.pdb
/home/yanting/QR/ANI/qr-work/origin_pdb_file/2F01.pdb 2F01

  Preparation for phenix.refine

    Add hydrogens
      - to protein model using phenix.reduce


  Reduce warnings
unrecognized parameter, "phenix.reduce", ignored.


    Adding hydrogens to water molecules
failed
  File "../tst-pdb-select.py", line 164, in <module>
    result = run(file_name = f_name)
  File "../tst-pdb-select.py", line 133, in run
    crystal_symmetry           = box.cs)
  File "/home/yanting/phenix-dev-3319/modules/qrefine/fragment.py", line 95, in __init__
    self.set_up_cluster_qm()
  File "/home/yanting/phenix-dev-3319/modules/qrefine/fragment.py", line 143, in set_up_cluster_qm
    self.get_fragments()
  File "/home/yanting/phenix-dev-3319/modules/qrefine/fragment.py", line 232, in get_fragments
    check_selection_integrity(atoms, atoms_in_one_cluster)
  File "/home/yanting/phenix-dev-3319/modules/qrefine/fragment.py", line 36, in check_selection_integrity
    check_atoms_integrity(selection, verbose=verbose)
  File "/home/yanting/phenix-dev-3319/modules/qrefine/fragment.py", line 28, in check_atoms_integrity
    assert len(item) in [0,2], 'error in cluster %s %s' % (key, item)
AssertionError: error in cluster  A 134  ['"ATOM   1732  CA  LYS A 134 .*.     C  "']
      
/home/yanting/QR/ANI/qr-work/origin_pdb_file/5YCE.pdb
/home/yanting/QR/ANI/qr-work/origin_pdb_file/5YCE.pdb 5YCE

  Preparation for phenix.refine

    Add hydrogens
      - to protein model using phenix.reduce


  Reduce warnings
unrecognized parameter, "phenix.reduce", ignored.


    Adding hydrogens to water molecules
      
clusters: [[6, 7, 8, 9, 10], [95, 96, 97, 98, 99], [49, 50, 51, 53, 54], [55, 57, 58, 59, 61], [75, 78, 79, 80, 81], [129, 130, 132, 133, 134], [140, 141, 142, 143, 144], [2, 3, 4, 5], [11, 14, 76, 77], [13, 15, 16, 17], [18, 19, 115, 119], [28, 31, 32, 106], [107, 108, 109, 110], [29, 62, 63, 64], [65, 66, 67, 68], [30, 34, 52, 56], [39, 40, 41, 43], [42, 92, 93, 94], [72, 73, 74, 111], [85, 86, 87, 88], [89, 90, 91, 145], [103, 104, 105, 146], [112, 123, 124, 125], [126, 127, 128, 131], [113, 116, 117, 120], [136, 137, 138, 139], [20, 23, 24], [27, 114, 118], [33, 37, 38], [44, 46, 47], [69, 70, 71], [82, 83, 84], [100, 101, 102], [147, 148, 150], [21, 22], [25, 26], [35, 36], [45, 60], [1], [12], [48], [121], [122], [135], [149], [151]]
/home/yanting/QR/ANI/qr-work/origin_pdb_file/5HBS.pdb
/home/yanting/QR/ANI/qr-work/origin_pdb_file/5HBS.pdb 5HBS

  Preparation for phenix.refine

    Add hydrogens
      - to protein model using phenix.reduce


  Some of the input hydrogens have names that are not correct for the input
  ligand code.  These hydrogens have been removed from the input!

  You must use the output PDB file!


  Reduce warnings
unrecognized parameter, "phenix.reduce", ignored.


    Adding hydrogens to water molecules
      
clusters: [[38, 127, 128, 129, 130], [17, 18, 19, 20, 21], [22, 23, 24, 25, 30], [36, 55, 56, 57, 58], [62, 64, 66, 86, 87], [93, 94, 95, 106, 107], [88, 89, 90, 91, 92], [105, 118, 119, 120, 125], [1, 2, 3, 4], [113, 131, 132, 133], [10, 11, 12, 13], [39, 40, 53, 54], [41, 42, 49, 50], [51, 52, 61, 63], [71, 72, 81, 82], [83, 97, 98, 99], [74, 75, 76, 77], [78, 79, 80, 104], [121, 122, 123, 124], [109, 110, 111, 112], [114, 115, 116, 117], [5, 43, 44], [45, 46, 48], [7, 8, 9], [14, 15, 126], [26, 27, 28], [29, 31, 32], [33, 34, 35], [68, 69, 70], [84, 85, 96], [101, 102, 103], [134, 135, 136], [137, 138, 139], [47, 65], [59, 60], [6], [16], [37], [67], [73], [100], [108]]
/home/yanting/QR/ANI/qr-work/origin_pdb_file/2PVE.pdb
/home/yanting/QR/ANI/qr-work/origin_pdb_file/2PVE.pdb 2PVE

  Preparation for phenix.refine

    Add hydrogens
      - to protein model using phenix.reduce


  Some of the input hydrogens have names that are not correct for the input
  ligand code.  These hydrogens have been removed from the input!

  You must use the output PDB file!


  Reduce warnings
unrecognized parameter, "phenix.reduce", ignored.


    Adding hydrogens to water molecules
      
clusters: [[45, 47, 48, 49, 135], [17, 18, 26, 27, 28], [74, 75, 76, 77, 78], [127, 128, 129, 130, 132], [119, 133, 134, 136, 137], [146, 147, 148, 149, 153], [2, 3, 4, 5], [12, 50, 51, 52], [6, 7, 8, 44], [39, 40, 41, 42], [13, 14, 15, 16], [29, 30, 31, 32], [68, 79, 80, 81], [65, 102, 103, 104], [57, 58, 59, 60], [96, 97, 100, 101], [61, 63, 89, 90], [91, 92, 93, 94], [70, 71, 72, 73], [85, 86, 87, 98], [106, 107, 108, 109], [116, 154, 155, 156], [110, 111, 112, 113], [117, 122, 123, 124], [142, 143, 144, 145], [9, 10, 11], [19, 20, 22], [23, 24, 25], [33, 34, 35], [36, 37, 46], [53, 54, 67], [55, 56, 64], [82, 83, 84], [118, 120, 121], [138, 139, 140], [38, 43], [126, 141], [151, 152], [1], [21], [62], [66], [69], [88], [95], [99], [105], [114], [115], [125], [131], [150]]
/home/yanting/QR/ANI/qr-work/origin_pdb_file/2HS1.pdb
/home/yanting/QR/ANI/qr-work/origin_pdb_file/2HS1.pdb 2HS1

  Preparation for phenix.refine

    Add hydrogens
      - to protein model using phenix.reduce


  Reduce warnings
unrecognized parameter, "phenix.reduce", ignored.


    Adding hydrogens to water molecules
      
clusters: [[25, 82, 83, 84, 85], [12, 13, 19, 20, 21], [14, 15, 16, 17, 18], [32, 33, 75, 76, 77], [34, 78, 79, 80, 81], [100, 101, 102, 104, 194], [107, 109, 121, 122, 123], [124, 127, 128, 129, 130], [183, 184, 185, 186, 189], [1, 2, 3, 4], [5, 195, 196, 197], [7, 8, 9, 10], [11, 22, 23, 24], [26, 27, 125, 126], [31, 86, 87, 88], [50, 145, 146, 147], [148, 151, 152, 153], [61, 62, 63, 64], [70, 71, 72, 73], [66, 89, 90, 91], [92, 93, 94, 95], [96, 97, 98, 99], [118, 119, 120, 166], [116, 117, 135, 162], [137, 161, 172, 174], [141, 142, 143, 144], [156, 157, 158, 175], [163, 164, 165, 167], [168, 169, 170, 192], [187, 188, 190, 191], [28, 29, 30], [35, 36, 37], [38, 39, 40], [42, 57, 58], [59, 60, 74], [45, 46, 47], [54, 55, 56], [48, 49, 51], [52, 149, 150], [65, 68, 69], [110, 111, 112], [113, 114, 115], [132, 133, 179], [180, 181, 182], [134, 154, 155], [176, 177, 178], [159, 160, 173], [43, 44], [106, 108], [138, 139], [6], [41], [53], [67], [103], [105], [131], [136], [140], [171], [193], [198]]
/home/yanting/QR/ANI/qr-work/origin_pdb_file/4WEE.pdb
/home/yanting/QR/ANI/qr-work/origin_pdb_file/4WEE.pdb 4WEE

  Preparation for phenix.refine

    Add hydrogens
      - to protein model using phenix.reduce


  Reduce warnings
unrecognized parameter, "phenix.reduce", ignored.


    Adding hydrogens to water molecules
      
clusters: [[12, 98, 109, 110, 111], [112, 132, 133, 134, 135], [37, 38, 39, 72, 73], [15, 16, 17, 128, 130], [18, 19, 125, 126, 127], [25, 26, 27, 28, 84], [30, 52, 53, 54, 62], [63, 82, 94, 95, 96], [32, 51, 64, 65, 80], [33, 34, 75, 76, 77], [1, 2, 3, 4], [5, 6, 7, 8], [13, 14, 35, 36], [21, 22, 23, 24], [46, 47, 70, 71], [66, 67, 68, 69], [58, 92, 93, 117], [102, 103, 104, 105], [116, 118, 119, 120], [40, 41, 42], [43, 44, 45], [48, 49, 50], [55, 56, 57], [85, 86, 87], [88, 89, 90], [99, 100, 101], [106, 107, 108], [122, 123, 124], [9, 131], [20, 29], [31, 78], [59, 60], [81, 83], [10], [11], [61], [74], [79], [91], [97], [113], [114], [115], [121], [129]]
/home/yanting/QR/ANI/qr-work/origin_pdb_file/4PSY.pdb
/home/yanting/QR/ANI/qr-work/origin_pdb_file/4PSY.pdb 4PSY

  Preparation for phenix.refine

    Add hydrogens
      - to protein model using phenix.reduce


  Reduce warnings
unrecognized parameter, "phenix.reduce", ignored.
*WARNING*: Residues TYR 151  and PHE 153  in chain  A appear unbonded 
            and will be treated as a chain break
*WARNING*: Residues TYR 151  and PHE 153  in chain  A appear unbonded 
            and will be treated as a chain break


    Adding hydrogens to water molecules
      
clusters: [[2, 3, 4, 103, 106], [107, 108, 109, 110, 111], [35, 38, 40, 92, 94], [7, 22, 113, 114, 115], [8, 11, 12, 13, 14], [97, 123, 124, 125, 126], [9, 10, 117, 118, 119], [20, 21, 120, 121, 122], [18, 45, 46, 48, 49], [27, 28, 29, 30, 147], [60, 62, 75, 76, 77], [78, 79, 80, 81, 84], [1, 88, 89, 90], [5, 31, 33, 34], [15, 16, 17, 19], [23, 24, 25, 26], [39, 41, 91, 93], [47, 52, 53, 69], [70, 71, 72, 74], [82, 83, 85, 86], [95, 96, 99, 100], [98, 101, 102, 105], [116, 140, 141, 142], [143, 149, 150, 151], [131, 132, 133, 158], [32, 36, 37], [55, 56, 57], [43, 44, 61], [58, 59, 73], [63, 64, 65], [66, 67, 68], [128, 129, 130], [134, 155, 156], [135, 136, 137], [138, 153, 154], [144, 145, 146], [50, 51], [104, 157], [139, 152], [6], [42], [54], [87], [112], [127], [148]]
/home/yanting/QR/ANI/qr-work/origin_pdb_file/4I8J.pdb
/home/yanting/QR/ANI/qr-work/origin_pdb_file/4I8J.pdb 4I8J

  Preparation for phenix.refine

    Add hydrogens
      - to protein model using phenix.reduce


  Reduce warnings
unrecognized parameter, "phenix.reduce", ignored.


    Adding hydrogens to water molecules
      
clusters: [[2, 126, 169, 197, 198], [3, 138, 170, 171, 172], [17, 18, 19, 20, 22], [23, 24, 43, 46, 47], [25, 26, 27, 37, 38], [41, 177, 178, 179, 191], [87, 219, 220, 222, 223], [90, 91, 92, 93, 94], [54, 55, 56, 133, 134], [114, 115, 116, 141, 142], [151, 166, 201, 202, 203], [161, 194, 204, 205, 206], [119, 120, 136, 137], [9, 10, 52, 53], [13, 95, 96, 97], [98, 99, 100, 101], [16, 28, 29, 35], [30, 31, 34, 71], [85, 190, 192, 207], [48, 50, 65, 66], [210, 211, 212, 213], [110, 111, 112, 113], [182, 187, 188, 189], [118, 140, 163, 164], [121, 122, 123, 131], [173, 174, 175, 176], [124, 125, 129, 130], [127, 195, 196, 199], [157, 158, 160, 208], [165, 167, 168, 200], [183, 184, 185, 186], [1, 4, 5], [6, 7, 8], [11, 12, 135], [14, 102, 103], [39, 40, 84], [49, 63, 64], [57, 58, 59], [60, 61, 62], [67, 68, 69], [70, 88, 89], [72, 73, 74], [75, 76, 83], [77, 78, 79], [80, 81, 82], [105, 106, 209], [117, 180, 181], [144, 146, 147], [148, 149, 150], [152, 153, 162], [155, 156, 193], [214, 215, 216], [217, 218, 221], [15, 51], [107, 108], [21], [32], [33], [36], [42], [44], [45], [86], [104], [109], [128], [132], [139], [143], [145], [154], [159]]
/home/yanting/QR/ANI/qr-work/origin_pdb_file/3PYP.pdb
/home/yanting/QR/ANI/qr-work/origin_pdb_file/3PYP.pdb 3PYP

  Preparation for phenix.refine

    Add hydrogens
      - to protein model using phenix.reduce


  Some of the input hydrogens have names that are not correct for the input
  ligand code.  These hydrogens have been removed from the input!

  You must use the output PDB file!


  Reduce warnings
unrecognized parameter, "phenix.reduce", ignored.


    Adding hydrogens to water molecules
      
clusters: [[107, 108, 120, 121, 122], [29, 30, 43, 45, 46], [31, 32, 41, 42, 119], [97, 100, 101, 102, 103], [65, 66, 67, 68, 71], [86, 87, 88, 111, 118], [1, 2, 3, 4], [6, 7, 91, 106], [15, 26, 27, 28], [18, 19, 20, 21], [22, 23, 24, 25], [33, 34, 36, 37], [38, 39, 40, 117], [49, 50, 95, 96], [55, 56, 57, 58], [61, 62, 63, 64], [75, 76, 77, 78], [82, 83, 84, 85], [89, 90, 92, 109], [5, 8, 9], [10, 11, 110], [13, 16, 17], [112, 113, 114], [47, 48, 51], [52, 53, 54], [69, 70, 94], [72, 73, 74], [79, 80, 81], [93, 104, 105], [123, 124, 125], [35, 116], [59, 60], [12], [14], [44], [98], [99], [115]]
/home/yanting/QR/ANI/qr-work/origin_pdb_file/3X2M.pdb
/home/yanting/QR/ANI/qr-work/origin_pdb_file/3X2M.pdb 3X2M

  Preparation for phenix.refine

    Add hydrogens
      - to protein model using phenix.reduce


  Reduce warnings
unrecognized parameter, "phenix.reduce", ignored.


    Adding hydrogens to water molecules
      
clusters: [[152, 154, 155, 156, 157], [34, 119, 145, 147, 148], [68, 69, 130, 132, 133], [77, 78, 79, 124, 125], [1, 2, 3, 4], [5, 176, 177, 178], [11, 12, 13, 15], [60, 113, 136, 137], [14, 94, 95, 105], [106, 107, 108, 109], [115, 122, 126, 131], [116, 117, 118, 120], [21, 22, 23, 24], [29, 84, 85, 153], [26, 27, 28, 151], [30, 31, 32, 33], [36, 37, 42, 86], [44, 51, 173, 175], [46, 47, 48, 49], [142, 149, 159, 162], [61, 62, 63, 135], [64, 65, 66, 67], [88, 89, 90, 91], [92, 93, 96, 97], [102, 103, 104, 110], [7, 41, 43], [52, 53, 174], [9, 57, 58], [138, 139, 140], [16, 17, 114], [18, 19, 20], [38, 111, 112], [50, 54, 158], [55, 82, 83], [56, 165, 166], [167, 168, 169], [71, 72, 73], [74, 75, 127], [98, 99, 101], [100, 179, 180], [160, 161, 163], [164, 171, 172], [8, 10], [39, 45], [128, 129], [141, 143], [6], [25], [35], [40], [59], [70], [76], [80], [81], [87], [121], [123], [134], [144], [146], [150], [170]]
/home/yanting/QR/ANI/qr-work/origin_pdb_file/4I8L.pdb
/home/yanting/QR/ANI/qr-work/origin_pdb_file/4I8L.pdb 4I8L

  Preparation for phenix.refine

    Add hydrogens
      - to protein model using phenix.reduce


  Reduce warnings
unrecognized parameter, "phenix.reduce", ignored.


    Adding hydrogens to water molecules
      
clusters: [[120, 137, 138, 172, 176], [170, 171, 197, 198, 199], [5, 6, 7, 135, 136], [34, 68, 69, 89, 223], [36, 70, 71, 72, 73], [74, 85, 86, 87, 215], [103, 104, 105, 106, 182], [185, 186, 187, 188, 209], [122, 123, 124, 125, 129], [130, 131, 132, 173, 174], [152, 155, 156, 193, 194], [1, 117, 118, 119], [2, 126, 168, 169], [19, 20, 21, 22], [24, 43, 44, 46], [37, 175, 177, 178], [32, 33, 65, 90], [91, 92, 93, 94], [62, 63, 64, 100], [54, 56, 57, 59], [76, 77, 78, 79], [80, 81, 82, 83], [111, 112, 113, 142], [144, 145, 146, 147], [148, 149, 150, 153], [204, 205, 206, 208], [180, 181, 189, 190], [219, 220, 221, 222], [8, 9, 53], [10, 61, 99], [14, 29, 31], [96, 101, 102], [16, 18, 27], [35, 48, 88], [17, 49, 55], [23, 25, 26], [38, 39, 40], [41, 42, 192], [50, 51, 52], [108, 109, 159], [210, 211, 212], [110, 114, 115], [116, 183, 184], [121, 133, 134], [140, 141, 143], [163, 164, 165], [151, 166, 200], [201, 202, 203], [160, 161, 162], [216, 217, 218], [12, 15], [45, 47], [66, 67], [97, 98], [3], [4], [11], [13], [28], [30], [58], [60], [75], [84], [95], [107], [127], [128], [139], [154], [157], [158], [167], [179], [191], [195], [196], [207], [213], [214]]
/home/yanting/QR/ANI/qr-work/origin_pdb_file/4I8K.pdb
/home/yanting/QR/ANI/qr-work/origin_pdb_file/4I8K.pdb 4I8K

  Preparation for phenix.refine

    Add hydrogens
      - to protein model using phenix.reduce


  Reduce warnings
unrecognized parameter, "phenix.reduce", ignored.


    Adding hydrogens to water molecules
      
clusters: [[163, 193, 194, 203, 204, 205, 206], [148, 152, 156, 160, 161, 162], [1, 120, 122, 123, 131], [172, 173, 174, 175, 176], [10, 51, 52, 61, 99], [13, 14, 98, 101, 102], [34, 67, 69, 70, 71], [86, 87, 88, 89, 223], [177, 178, 179, 191, 192], [63, 95, 96, 97, 100], [182, 185, 186, 187, 188], [109, 158, 159, 207, 208], [209, 210, 211, 212, 213], [2, 3, 138, 169], [170, 171, 197, 198], [4, 5, 117, 118], [119, 136, 137, 139], [11, 12, 134, 135], [27, 28, 35, 180], [25, 55, 121, 133], [19, 20, 21, 22], [24, 43, 44, 46], [29, 32, 50, 65], [90, 92, 93, 94], [38, 40, 41, 42], [54, 56, 57, 59], [58, 60, 62, 64], [79, 80, 81, 82], [103, 104, 105, 106], [115, 116, 183, 184], [125, 127, 128, 129], [147, 150, 151, 153], [168, 200, 201, 202], [219, 220, 221, 222], [6, 7, 8], [15, 16, 26], [17, 18, 23], [39, 72, 73], [74, 85, 215], [47, 48, 49], [66, 68, 91], [76, 77, 78], [111, 112, 113], [114, 141, 142], [124, 130, 132], [144, 145, 146], [165, 166, 167], [195, 196, 199], [216, 217, 218], [9, 53], [30, 36], [31], [33], [37], [45], [75], [83], [84], [107], [108], [110], [126], [140], [143], [149], [154], [155], [157], [164], [181], [189], [190], [214]]
/home/yanting/QR/ANI/qr-work/origin_pdb_file/4ZM7.pdb
/home/yanting/QR/ANI/qr-work/origin_pdb_file/4ZM7.pdb 4ZM7

  Preparation for phenix.refine

    Add hydrogens
      - to protein model using phenix.reduce


  Some of the input hydrogens have names that are not correct for the input
  ligand code.  These hydrogens have been removed from the input!

  You must use the output PDB file!


  Reduce warnings
unrecognized parameter, "phenix.reduce", ignored.


    Adding hydrogens to water molecules
      
clusters: [[15, 60, 61, 135, 136], [152, 153, 154, 155, 157], [49, 50, 51, 54, 86], [68, 69, 130, 132, 133], [101, 102, 103, 104, 110], [160, 161, 162, 163, 164], [3, 176, 177, 178], [4, 5, 6, 7], [39, 40, 41, 43], [11, 12, 13, 14], [109, 111, 113, 137], [16, 17, 18, 114], [115, 117, 122, 126], [19, 20, 21, 118], [24, 27, 28, 29], [25, 26, 42, 44], [145, 146, 147, 148], [83, 84, 85, 159], [45, 46, 47, 48], [141, 142, 143, 144], [64, 65, 66, 67], [77, 78, 79, 120], [121, 123, 124, 125], [96, 97, 98, 99], [1, 2, 174], [9, 10, 58], [138, 139, 167], [30, 34, 119], [31, 32, 33], [35, 55, 82], [52, 56, 170], [171, 172, 173], [57, 80, 140], [62, 63, 134], [71, 72, 73], [74, 75, 127], [88, 89, 90], [91, 92, 93], [94, 95, 105], [106, 107, 108], [100, 179, 180], [165, 166, 169], [22, 23], [37, 53], [38, 87], [128, 129], [150, 151], [8], [36], [59], [70], [76], [81], [112], [116], [131], [149], [156], [158], [168], [175]]
/home/yanting/QR/ANI/qr-work/origin_pdb_file/5LP9.pdb
/home/yanting/QR/ANI/qr-work/origin_pdb_file/5LP9.pdb 5LP9

  Preparation for phenix.refine

    Add hydrogens
      - to protein model using phenix.reduce


  Reduce warnings
unrecognized parameter, "phenix.reduce", ignored.
*WARNING*: Residues THR 34  and VAL 35  in chain  A are too close together 
            and will be treated as a chain break
*WARNING*: Residues THR 34  and VAL 35  in chain  A are too close together 
            and will be treated as a chain break
*WARNING*: Residues GLN 36  and LEU 37  in chain  A appear unbonded 
            and will be treated as a chain break
*WARNING*: Residues GLN 36  and LEU 37  in chain  A appear unbonded 
            and will be treated as a chain break


    Adding hydrogens to water molecules
      
clusters: [[62, 125, 126, 128, 129, 130], [5, 6, 38, 39, 40], [11, 87, 102, 151, 152], [22, 23, 59, 60, 61], [43, 44, 45, 46, 47], [48, 139, 140, 142, 143], [53, 54, 55, 135, 136], [114, 115, 116, 153, 154], [95, 97, 147, 148, 149], [98, 99, 100, 144, 145], [2, 3, 4, 146], [15, 17, 155, 157], [65, 66, 67, 68], [27, 28, 29, 30], [31, 56, 57, 58], [122, 123, 132, 158], [73, 117, 118, 119], [74, 75, 76, 113], [78, 79, 80, 83], [86, 88, 101, 141], [89, 90, 91, 150], [92, 93, 94, 96], [7, 8, 37], [9, 10, 32], [33, 34, 35], [21, 63, 64], [24, 25, 26], [49, 50, 138], [51, 52, 137], [69, 70, 71], [81, 82, 84], [103, 104, 105], [111, 112, 134], [106, 108, 109], [110, 120, 121], [12, 13], [16, 18], [72, 156], [107, 133], [1], [14], [19], [20], [36], [41], [42], [77], [85], [124], [127], [131], [159], [160]]
/home/yanting/QR/ANI/qr-work/origin_pdb_file/2YL7.pdb
/home/yanting/QR/ANI/qr-work/origin_pdb_file/2YL7.pdb 2YL7

  Preparation for phenix.refine

    Add hydrogens
      - to protein model using phenix.reduce


  Reduce warnings
unrecognized parameter, "phenix.reduce", ignored.


    Adding hydrogens to water molecules
     failed
 File "../tst-pdb-select.py", line 164, in <module>
    result = run(file_name = f_name)
  File "../tst-pdb-select.py", line 133, in run
    crystal_symmetry           = box.cs)
  File "/home/yanting/phenix-dev-3319/modules/qrefine/fragment.py", line 95, in __init__
    self.set_up_cluster_qm()
  File "/home/yanting/phenix-dev-3319/modules/qrefine/fragment.py", line 144, in set_up_clu            ster_qm
    self.get_fragment_hierarchies_and_charges()
  File "/home/yanting/phenix-dev-3319/modules/qrefine/fragment.py", line 393, in get_fragme            nt_hierarchies_and_charges
    original_pdb_filename=self.expansion_file)
  File "/home/yanting/phenix-dev-3319/modules/qrefine/completion.py", line 1062, in run
    verbose=False,
  File "/home/yanting/phenix-dev-3319/modules/qrefine/completion.py", line 975, in complete            _pdb_hierarchy
    verbose=verbose,
  File "/home/yanting/phenix-dev-3319/modules/qrefine/completion.py", line 870, in special_            case_hydrogens
    verbose=verbose,
  File "/home/yanting/phenix-dev-3319/modules/qrefine/completion.py", line 840, in _h_h2_on            _N
    ['N', 'CA', 'C'],
  File "/home/yanting/phenix-dev-3319/modules/qrefine/completion.py", line 804, in generate            _atom_group_atom_names
    assert 0
AssertionError

 
/home/yanting/QR/ANI/qr-work/origin_pdb_file/4I8G.pdb
/home/yanting/QR/ANI/qr-work/origin_pdb_file/4I8G.pdb 4I8G

  Preparation for phenix.refine

    Add hydrogens
      - to protein model using phenix.reduce


  Reduce warnings
unrecognized parameter, "phenix.reduce", ignored.


    Adding hydrogens to water molecules
      
clusters: [[183, 185, 186, 187, 188, 209], [219, 220, 221, 222, 223], [38, 39, 40, 41, 42], [84, 177, 178, 191, 192], [103, 104, 105, 106, 182], [151, 153, 166, 201, 202], [162, 163, 164, 203, 204], [214, 215, 216, 217, 218], [173, 174, 175, 176], [170, 171, 197, 198], [9, 10, 11, 12], [32, 96, 101, 102], [22, 23, 24, 43], [30, 34, 71, 87], [44, 45, 46, 47], [50, 65, 66, 90], [91, 92, 93, 94], [55, 56, 133, 134], [63, 95, 97, 100], [67, 69, 70, 88], [72, 73, 74, 85], [76, 77, 78, 79], [80, 81, 82, 83], [109, 158, 159, 207], [208, 210, 211, 212], [113, 114, 141, 142], [143, 144, 145, 146], [147, 148, 149, 150], [152, 155, 156, 193], [160, 161, 205, 206], [165, 167, 168, 200], [194, 195, 196, 199], [1, 120, 122], [2, 126, 169], [5, 116, 117], [118, 137, 139], [6, 7, 8], [14, 29, 31], [15, 26, 27], [28, 119, 179], [16, 17, 18], [35, 48, 49], [19, 20, 21], [52, 53, 54], [57, 58, 59], [60, 61, 62], [110, 111, 112], [123, 124, 125], [130, 131, 132], [3, 138], [13, 98], [36, 37], [51, 99], [121, 136], [127, 128], [180, 190], [4], [25], [33], [64], [68], [75], [86], [89], [107], [108], [115], [129], [135], [140], [154], [157], [172], [181], [184], [189], [213]]
/home/yanting/QR/ANI/qr-work/origin_pdb_file/5AVD.pdb
/home/yanting/QR/ANI/qr-work/origin_pdb_file/5AVD.pdb 5AVD

  Preparation for phenix.refine

    Add hydrogens
      - to protein model using phenix.reduce


  Reduce warnings
unrecognized parameter, "phenix.reduce", ignored.


    Adding hydrogens to water molecules
      
clusters: [[2, 137, 180, 181, 215], [7, 8, 11, 12, 147], [9, 10, 13, 107, 108], [28, 29, 49, 52, 53], [21, 22, 23, 24, 25], [41, 42, 79, 94, 95], [96, 231, 232, 233, 234], [235, 236, 237, 238, 239], [115, 116, 117, 118, 119], [225, 226, 227, 229, 230], [121, 122, 123, 124, 125], [126, 127, 149, 151, 152], [161, 163, 164, 165, 168], [173, 192, 202, 203, 204], [210, 211, 212, 213, 216], [1, 133, 134, 135], [136, 184, 185, 187], [37, 105, 110, 111], [15, 30, 31, 32], [188, 189, 190, 206], [54, 55, 56, 71], [19, 20, 26, 27], [33, 35, 40, 112], [76, 97, 98, 240], [58, 65, 67, 69], [80, 81, 82, 83], [87, 88, 89, 90], [91, 92, 93, 169], [113, 114, 200, 201], [176, 221, 222, 223], [157, 158, 159, 160], [217, 218, 219, 220], [170, 171, 172, 224], [182, 183, 209, 214], [5, 6, 60], [144, 145, 146], [14, 34, 36], [16, 17, 18], [38, 72, 73], [99, 100, 101], [39, 74, 75], [43, 44, 45], [46, 47, 48], [57, 70, 103], [104, 106, 109], [59, 61, 62], [63, 132, 143], [84, 85, 86], [128, 129, 130], [148, 191, 193], [150, 174, 175], [154, 155, 156], [162, 177, 178], [194, 195, 196], [197, 198, 199], [3, 4], [66, 68], [138, 139], [141, 142], [207, 208], [50], [51], [64], [77], [78], [102], [120], [131], [140], [153], [166], [167], [179], [186], [205], [228]]
/home/yanting/QR/ANI/qr-work/origin_pdb_file/4I8H.pdb
/home/yanting/QR/ANI/qr-work/origin_pdb_file/4I8H.pdb 4I8H

  Preparation for phenix.refine

    Add hydrogens
      - to protein model using phenix.reduce


  Reduce warnings
unrecognized parameter, "phenix.reduce", ignored.


    Adding hydrogens to water molecules
      
clusters: [[46, 47, 48, 49, 55, 67], [5, 6, 7, 12, 117], [119, 120, 135, 136, 137], [10, 51, 52, 61, 99], [17, 18, 19, 23, 24], [25, 37, 41, 177, 178], [216, 219, 220, 222, 223], [53, 54, 56, 57, 133], [58, 59, 60, 62, 64], [209, 210, 211, 212, 213], [121, 122, 131, 174, 175], [141, 143, 163, 164, 203], [148, 149, 150, 151, 152], [165, 166, 167, 168, 200], [170, 171, 197, 198], [14, 29, 31, 102], [15, 16, 26, 27], [28, 35, 179, 180], [20, 21, 22, 43], [32, 65, 66, 90], [91, 92, 93, 94], [34, 69, 71, 87], [38, 39, 40, 84], [85, 190, 191, 192], [103, 104, 105, 182], [185, 186, 187, 188], [109, 159, 207, 208], [144, 145, 146, 147], [156, 160, 161, 162], [193, 204, 205, 206], [195, 196, 199, 202], [214, 217, 218, 221], [2, 126, 169], [8, 9, 11], [63, 95, 96], [97, 100, 101], [72, 73, 74], [75, 76, 215], [77, 78, 79], [80, 81, 82], [106, 107, 108], [110, 111, 112], [113, 114, 142], [123, 124, 125], [130, 132, 173], [154, 155, 157], [3, 138], [13, 98], [42, 86], [44, 45], [68, 89], [115, 184], [116, 139], [128, 129], [1], [4], [30], [33], [36], [50], [70], [83], [88], [118], [127], [134], [140], [153], [158], [172], [176], [181], [183], [189], [194], [201]]
/home/yanting/QR/ANI/qr-work/origin_pdb_file/2PEV.pdb
/home/yanting/QR/ANI/qr-work/origin_pdb_file/2PEV.pdb 2PEV

  Preparation for phenix.refine

    Add hydrogens
      - to protein model using phenix.reduce


  Reduce warnings
unrecognized parameter, "phenix.reduce", ignored.


    Adding hydrogens to water molecules
failed
Traceback (most recent call last):
  File "../tst-pdb-select.py", line 164, in <module>
    result = run(file_name = f_name)
  File "../tst-pdb-select.py", line 133, in run
    crystal_symmetry           = box.cs)
  File "/home/yanting/phenix-dev-3319/modules/qrefine/fragment.py", line 95, in __init__
    self.set_up_cluster_qm()
  File "/home/yanting/phenix-dev-3319/modules/qrefine/fragment.py", line 144, in set_up_cluster_qm
    self.get_fragment_hierarchies_and_charges()
  File "/home/yanting/phenix-dev-3319/modules/qrefine/fragment.py", line 393, in get_fragment_hierarchies_and_charges
    original_pdb_filename=self.expansion_file)
  File "/home/yanting/phenix-dev-3319/modules/qrefine/completion.py", line 1062, in run
    verbose=False,
  File "/home/yanting/phenix-dev-3319/modules/qrefine/completion.py", line 1003, in complete_pdb_hierarchy
    verbose=verbose,
  File "/home/yanting/phenix-dev-3319/modules/qrefine/completion.py", line 651, in add_terminal_hydrogens
    append_to_end_of_model=append_to_end_of_model,
  File "/home/yanting/phenix-dev-3319/modules/qrefine/completion.py", line 567, in iterate_using_original
    append_to_end_of_model=append_to_end_of_model,
  File "/home/yanting/phenix-dev-3319/modules/qrefine/completion.py", line 273, in add_c_terminal_oxygens_to_residue_group
    ['C', 'CA', 'N'],
  File "/home/yanting/phenix-dev-3319/modules/qrefine/completion.py", line 804, in generate_atom_group_atom_names
    assert 0
AssertionError      
/home/yanting/QR/ANI/qr-work/origin_pdb_file/2PEV.pdb
/home/yanting/QR/ANI/qr-work/origin_pdb_file/2PEV.pdb 2PEV

  Preparation for phenix.refine

    Add hydrogens
      - to protein model using phenix.reduce


  Reduce warnings
unrecognized parameter, "phenix.reduce", ignored.


    Adding hydrogens to water molecules
      
/home/yanting/QR/ANI/qr-work/origin_pdb_file/5GV7.pdb
/home/yanting/QR/ANI/qr-work/origin_pdb_file/5GV7.pdb 5GV7

  Preparation for phenix.refine

    Add hydrogens
      - to protein model using phenix.reduce


  Reduce warnings
unrecognized parameter, "phenix.reduce", ignored.


    Adding hydrogens to water molecules
      
clusters: [[12, 13, 14, 113, 114, 115], [187, 210, 211, 212, 217, 221], [3, 4, 35, 37, 38], [39, 40, 41, 74, 75], [7, 8, 9, 10, 11], [16, 17, 19, 33, 34], [32, 69, 76, 77, 78], [55, 56, 57, 58, 59], [91, 92, 93, 94, 95], [129, 130, 137, 138, 139], [150, 151, 154, 245, 246], [181, 182, 183, 184, 186], [235, 236, 237, 238, 239], [265, 266, 267, 268, 269], [23, 24, 25, 26], [27, 28, 29, 80], [43, 44, 45, 48], [49, 50, 116, 117], [46, 160, 163, 164], [47, 120, 157, 158], [161, 241, 243, 272], [61, 62, 98, 111], [70, 71, 72, 73], [96, 97, 99, 100], [86, 88, 89, 90], [133, 134, 135, 136], [124, 126, 128, 143], [169, 170, 171, 172], [127, 140, 141, 142], [145, 147, 234, 240], [155, 156, 159, 188], [189, 190, 192, 193], [174, 175, 200, 201], [202, 203, 204, 205], [179, 206, 207, 208], [209, 219, 220, 228], [229, 230, 231, 232], [244, 251, 252, 253], [254, 255, 256, 257], [247, 248, 249, 250], [261, 262, 263, 264], [18, 20, 106], [107, 108, 109], [21, 22, 30], [31, 101, 102], [103, 104, 105], [51, 63, 64], [52, 65, 66], [67, 68, 79], [53, 54, 60], [83, 84, 85], [119, 131, 132], [121, 122, 123], [125, 167, 168], [149, 233, 242], [165, 166, 173], [194, 195, 196], [197, 198, 199], [214, 215, 216], [225, 226, 227], [258, 259, 260], [1, 2], [81, 82], [152, 153], [178, 224], [222, 223], [5], [6], [15], [36], [42], [87], [110], [112], [118], [144], [146], [148], [162], [176], [177], [180], [185], [191], [213], [218], [270], [271]]
/home/yanting/QR/ANI/qr-work/origin_pdb_file/5AVH.pdb
/home/yanting/QR/ANI/qr-work/origin_pdb_file/5AVH.pdb 5AVH

  Preparation for phenix.refine

    Add hydrogens
      - to protein model using phenix.reduce


  Reduce warnings
unrecognized parameter, "phenix.reduce", ignored.


    Adding hydrogens to water molecules
      
clusters: [[50, 83, 84, 86, 282], [12, 13, 14, 15, 16], [17, 18, 51, 284, 285], [19, 20, 21, 22, 23], [26, 27, 28, 29, 291], [30, 289, 290, 292, 293], [33, 294, 295, 296, 297], [298, 299, 300, 301, 303], [127, 128, 129, 130, 175], [103, 104, 148, 150, 153], [154, 155, 156, 157, 191], [132, 134, 177, 178, 212], [213, 214, 239, 241, 242], [163, 164, 165, 166, 167], [168, 169, 170, 171, 172], [200, 201, 202, 203, 204], [215, 216, 217, 227, 244], [259, 267, 270, 271, 309], [273, 275, 276, 277, 278], [322, 323, 324, 325, 326], [335, 336, 337, 338, 339], [310, 311, 313, 314], [9, 11, 48, 49], [45, 46, 47, 306], [52, 124, 125, 126], [53, 54, 55, 89], [90, 91, 117, 121], [62, 63, 64, 65], [66, 67, 68, 69], [74, 75, 76, 77], [78, 79, 80, 81], [96, 97, 98, 99], [100, 101, 102, 139], [108, 109, 110, 111], [136, 182, 183, 184], [185, 186, 190, 219], [144, 145, 146, 147], [160, 161, 162, 205], [208, 209, 210, 211], [181, 192, 193, 194], [196, 197, 198, 199], [223, 224, 225, 251], [226, 228, 229, 230], [257, 258, 261, 262], [260, 304, 308, 312], [315, 319, 378, 382], [317, 318, 320, 321], [327, 328, 329, 330], [331, 332, 333, 334], [340, 341, 342, 343], [344, 345, 346, 347], [348, 349, 350, 351], [352, 353, 354, 355], [356, 357, 358, 359], [360, 361, 362, 363], [364, 365, 366, 367], [1, 2, 307], [3, 4, 5], [6, 7, 8], [10, 42, 43], [34, 35, 36], [37, 39, 40], [57, 58, 59], [70, 71, 73], [93, 94, 95], [105, 106, 107], [115, 116, 119], [118, 122, 133], [135, 179, 180], [137, 138, 140], [141, 142, 143], [187, 188, 189], [149, 151, 152], [176, 206, 207], [220, 221, 222], [231, 235, 240], [243, 274, 279], [232, 233, 234], [236, 237, 238], [246, 247, 256], [248, 249, 252], [253, 254, 255], [265, 268, 269], [280, 281, 283], [287, 302, 305], [369, 370, 371], [372, 373, 374], [375, 376, 379], [380, 381, 383], [384, 385, 386], [24, 25], [31, 32], [41, 44], [60, 61], [112, 113], [263, 264], [272, 316], [38], [56], [72], [82], [85], [87], [88], [92], [114], [120], [123], [131], [158], [159], [173], [174], [195], [218], [245], [250], [266], [286], [288], [368], [377]]
/home/yanting/QR/ANI/qr-work/origin_pdb_file/2PF8.pdb
/home/yanting/QR/ANI/qr-work/origin_pdb_file/2PF8.pdb 2PF8

  Preparation for phenix.refine

    Add hydrogens
      - to protein model using phenix.reduce


  Reduce warnings
unrecognized parameter, "phenix.reduce", ignored.


    Adding hydrogens to water molecules
      
clusters: [[186, 187, 188, 191, 210, 211], [212, 214, 296, 297, 298, 299], [1, 250, 251, 252, 253], [254, 255, 256, 257, 281], [6, 7, 9, 10, 11], [8, 109, 157, 158, 159], [179, 180, 181, 182, 205], [27, 28, 29, 31, 265], [49, 50, 52, 77, 78], [62, 65, 66, 67, 68], [69, 70, 71, 72, 73], [124, 131, 132, 133, 134], [105, 148, 152, 153, 154], [110, 137, 138, 139, 140], [141, 142, 143, 144, 145], [111, 112, 113, 160, 161], [162, 163, 166, 311, 312], [126, 127, 128, 129, 130], [146, 147, 150, 177, 178], [195, 196, 199, 200, 316], [169, 170, 171, 172, 173], [190, 227, 230, 231, 232], [233, 234, 235, 236, 292], [275, 276, 277, 278, 279], [264, 266, 267, 268, 269], [270, 271, 272, 273, 274], [208, 209, 258, 259], [17, 18, 19, 44], [260, 261, 262, 263], [21, 215, 216, 217], [218, 219, 220, 221], [23, 24, 25, 26], [30, 33, 34, 37], [32, 35, 36, 43], [45, 46, 47, 48], [56, 57, 58, 59], [60, 61, 63, 64], [74, 75, 76, 107], [82, 116, 117, 118], [86, 87, 88, 89], [97, 102, 103, 104], [120, 121, 122, 123], [164, 165, 167, 168], [197, 198, 201, 202], [222, 223, 224, 225], [237, 288, 289, 291], [238, 239, 241, 242], [284, 285, 286, 287], [243, 244, 247, 248], [301, 302, 304, 305], [306, 307, 308, 310], [2, 3, 4], [5, 12, 15], [13, 206, 207], [16, 40, 42], [51, 54, 55], [80, 81, 83], [84, 114, 115], [85, 135, 136], [90, 91, 92], [93, 94, 95], [96, 99, 100], [149, 155, 156], [174, 175, 176], [213, 228, 229], [245, 246, 249], [240, 282, 283], [293, 294, 295], [14, 41], [53, 101], [189, 192], [20], [22], [38], [39], [79], [98], [106], [108], [119], [125], [151], [183], [184], [185], [193], [194], [203], [204], [226], [280], [290], [300], [303], [309], [313], [314], [315]]
/home/yanting/QR/ANI/qr-work/origin_pdb_file/1IXB.pdb
/home/yanting/QR/ANI/qr-work/origin_pdb_file/1IXB.pdb 1IXB

  Preparation for phenix.refine

    Add hydrogens
      - to protein model using phenix.reduce


  Reduce warnings
unrecognized parameter, "phenix.reduce", ignored.


    Adding hydrogens to water molecules
      
clusters: [[55, 56, 57, 58, 59, 75], [256, 257, 258, 259, 260, 261], [262, 263, 264, 265, 280, 284], [2, 51, 52, 53, 54], [3, 4, 5, 31, 35], [9, 10, 11, 12, 13], [14, 15, 18, 20, 23], [19, 21, 22, 175, 176], [28, 29, 30, 32, 33], [34, 72, 73, 74, 76], [77, 78, 80, 81, 146], [36, 37, 38, 39, 40], [41, 42, 43, 44, 45], [46, 47, 48, 49, 50], [67, 68, 69, 70, 71], [111, 112, 113, 114, 115], [133, 134, 135, 136, 137], [161, 162, 163, 164, 204], [215, 217, 218, 219, 220], [227, 228, 229, 230, 380], [392, 393, 394, 395, 396], [277, 278, 279, 281, 351], [292, 294, 297, 397, 398], [399, 400, 401, 402, 403], [299, 300, 301, 303, 304], [324, 325, 326, 327, 328], [341, 407, 408, 409, 410], [352, 353, 354, 356, 357], [358, 360, 361, 362, 363], [24, 25, 26, 27], [60, 63, 64, 65], [83, 84, 85, 86], [87, 88, 165, 193], [93, 94, 95, 194], [98, 101, 102, 103], [104, 105, 131, 138], [106, 108, 109, 110], [116, 128, 129, 166], [167, 168, 184, 185], [120, 121, 122, 123], [125, 331, 332, 349], [350, 372, 373, 374], [130, 132, 139, 141], [149, 158, 159, 160], [189, 190, 191, 192], [198, 199, 201, 202], [244, 245, 246, 247], [237, 239, 240, 283], [213, 231, 232, 290], [216, 224, 225, 226], [222, 223, 295, 381], [248, 249, 250, 251], [252, 253, 254, 255], [269, 270, 271, 272], [273, 274, 275, 276], [288, 289, 370, 371], [308, 309, 310, 343], [311, 312, 313, 314], [315, 316, 317, 336], [337, 338, 339, 365], [366, 367, 368, 405], [382, 385, 386, 387], [388, 389, 390, 391], [16, 17, 90], [96, 97, 100], [117, 118, 119], [126, 127, 144], [145, 169, 330], [147, 148, 151], [152, 153, 154], [155, 156, 157], [170, 171, 172], [173, 174, 177], [178, 179, 180], [181, 182, 183], [186, 187, 188], [195, 196, 197], [206, 207, 243], [208, 209, 236], [210, 211, 212], [238, 241, 242], [266, 267, 268], [285, 286, 287], [305, 306, 307], [318, 319, 320], [321, 322, 323], [333, 334, 335], [345, 346, 347], [375, 376, 377], [378, 379, 383], [61, 62], [89, 92], [200, 203], [234, 235], [291, 293], [302, 406], [340, 342], [1], [6], [7], [8], [66], [79], [82], [91], [99], [107], [124], [140], [142], [143], [150], [205], [214], [221], [233], [282], [296], [298], [329], [344], [348], [355], [359], [364], [369], [384], [404]]
/home/yanting/QR/ANI/qr-work/origin_pdb_file/1IX9.pdb
/home/yanting/QR/ANI/qr-work/origin_pdb_file/1IX9.pdb 1IX9

  Preparation for phenix.refine

    Add hydrogens
      - to protein model using phenix.reduce


  Reduce warnings
unrecognized parameter, "phenix.reduce", ignored.


    Adding hydrogens to water molecules
      
clusters: [[294, 295, 381, 392, 395, 396], [14, 15, 16, 17, 18], [90, 176, 187, 190, 191], [77, 80, 81, 146, 329], [53, 75, 78, 79, 82], [86, 87, 88, 89, 92], [192, 193, 195, 196, 197], [132, 160, 161, 162, 163], [219, 220, 221, 222, 223], [246, 247, 248, 249, 250], [251, 252, 253, 254, 255], [265, 266, 268, 273, 276], [289, 370, 371, 389, 393], [311, 312, 313, 314, 317], [320, 321, 322, 323, 324], [325, 326, 327, 334, 390], [346, 354, 364, 365, 367], [378, 379, 382, 383, 385], [37, 38, 39, 40], [4, 26, 27, 29], [30, 31, 32, 33], [9, 10, 12, 13], [11, 19, 20, 21], [22, 23, 24, 25], [34, 73, 74, 76], [66, 67, 68, 69], [72, 147, 148, 151], [84, 165, 166, 188], [94, 95, 96, 97], [98, 99, 100, 101], [102, 103, 106, 107], [108, 109, 111, 112], [110, 113, 114, 115], [129, 130, 140, 141], [125, 331, 332, 349], [350, 372, 373, 374], [170, 171, 172, 173], [174, 178, 227, 230], [231, 232, 234, 235], [198, 199, 200, 201], [202, 203, 204, 205], [282, 283, 286, 287], [224, 225, 226, 228], [260, 262, 263, 355], [269, 270, 271, 272], [351, 352, 353, 356], [292, 293, 397, 398], [299, 307, 308, 309], [315, 316, 318, 319], [328, 333, 347, 348], [335, 337, 339, 344], [338, 341, 342, 343], [2, 35, 36], [5, 7, 85], [41, 42, 43], [44, 45, 71], [46, 47, 48], [49, 50, 51], [52, 55, 56], [54, 58, 150], [59, 61, 62], [63, 64, 65], [116, 119, 120], [117, 118, 121], [185, 186, 189], [123, 127, 128], [142, 143, 144], [124, 278, 279], [126, 145, 330], [133, 134, 135], [136, 137, 138], [149, 158, 159], [152, 153, 154], [155, 156, 157], [167, 168, 169], [177, 180, 181], [182, 183, 184], [207, 240, 241], [243, 244, 245], [210, 236, 239], [212, 214, 215], [216, 217, 218], [256, 261, 264], [257, 258, 259], [277, 281, 285], [288, 290, 291], [301, 302, 305], [303, 368, 399], [402, 403, 406], [357, 358, 359], [360, 361, 362], [366, 405, 407], [408, 409, 410], [387, 388, 391], [400, 401, 404], [1, 3], [104, 105], [175, 380], [206, 208], [237, 238], [274, 275], [280, 284], [296, 297], [298, 300], [6], [8], [28], [57], [60], [70], [83], [91], [93], [122], [131], [139], [164], [179], [194], [209], [211], [213], [229], [233], [242], [267], [304], [306], [310], [336], [340], [345], [363], [369], [375], [376], [377], [384], [386], [394]]
/home/yanting/QR/ANI/qr-work/origin_pdb_file/3O4P.pdb
/home/yanting/QR/ANI/qr-work/origin_pdb_file/3O4P.pdb 3O4P

  Preparation for phenix.refine

    Add hydrogens
      - to protein model using phenix.reduce


  Reduce warnings
unrecognized parameter, "phenix.reduce", ignored.


    Adding hydrogens to water molecules
failed
Traceback (most recent call last):
  File "../tst-pdb-select.py", line 164, in <module>
    result = run(file_name = f_name)
  File "../tst-pdb-select.py", line 133, in run
    crystal_symmetry           = box.cs)
  File "/home/yanting/phenix-dev-3319/modules/qrefine/fragment.py", line 95, in __init__
    self.set_up_cluster_qm()
  File "/home/yanting/phenix-dev-3319/modules/qrefine/fragment.py", line 143, in set_up_cluster_qm
    self.get_fragments()
  File "/home/yanting/phenix-dev-3319/modules/qrefine/fragment.py", line 232, in get_fragments
    check_selection_integrity(atoms, atoms_in_one_cluster)
  File "/home/yanting/phenix-dev-3319/modules/qrefine/fragment.py", line 36, in check_selection_integrity
    check_atoms_integrity(selection, verbose=verbose)
  File "/home/yanting/phenix-dev-3319/modules/qrefine/fragment.py", line 28, in check_atoms_integrity
    assert len(item) in [0,2], 'error in cluster %s %s' % (key, item)
AssertionError: error in cluster  A   2  ['"ATOM      9  CA  GLU A   2 .*.     C  "']
      
/home/yanting/QR/ANI/qr-work/origin_pdb_file/4AYP.pdb
/home/yanting/QR/ANI/qr-work/origin_pdb_file/4AYP.pdb 4AYP

  Preparation for phenix.refine

    Add hydrogens
      - to protein model using phenix.reduce


  Reduce warnings
unrecognized parameter, "phenix.reduce", ignored.


    Adding hydrogens to water molecules
      
clusters: [[183, 184, 187, 204, 205, 207], [13, 61, 62, 63, 64], [65, 66, 67, 69, 413], [371, 372, 373, 374, 390], [53, 56, 57, 60, 397], [96, 97, 101, 424, 426], [112, 113, 116, 117, 120], [129, 130, 165, 180, 181], [132, 133, 134, 135, 136], [160, 161, 225, 226, 423], [217, 279, 280, 281, 282], [283, 284, 285, 306, 337], [220, 221, 222, 223, 224], [230, 231, 234, 235, 236], [237, 238, 239, 240, 241], [291, 292, 293, 294, 295], [262, 297, 298, 299, 301], [263, 305, 308, 309, 312], [322, 323, 324, 325, 326], [317, 318, 319, 327, 329], [330, 378, 380, 381, 382], [383, 384, 385, 386, 387], [420, 427, 429, 430, 431], [3, 4, 5, 8], [359, 362, 363, 408], [26, 27, 32, 33], [34, 39, 40, 391], [35, 36, 37, 38], [46, 47, 48, 49], [58, 59, 70, 108], [68, 71, 72, 73], [77, 80, 81, 82], [83, 98, 102, 121], [142, 143, 144, 145], [91, 128, 140, 141], [104, 164, 422, 428], [106, 107, 109, 110], [115, 118, 168, 171], [119, 169, 172, 173], [174, 175, 176, 177], [122, 123, 124, 126], [138, 139, 148, 149], [151, 152, 153, 203], [154, 155, 156, 157], [158, 159, 200, 219], [162, 178, 179, 182], [195, 197, 212, 268], [269, 270, 271, 272], [267, 273, 274, 275], [247, 288, 289, 290], [254, 256, 265, 276], [257, 258, 260, 261], [277, 278, 320, 321], [339, 340, 341, 342], [304, 307, 310, 311], [333, 334, 375, 377], [392, 393, 395, 396], [343, 347, 403, 421], [344, 345, 348, 349], [346, 350, 406, 407], [409, 410, 411, 416], [357, 358, 360, 361], [365, 400, 401, 404], [369, 370, 376, 388], [414, 415, 418, 419], [6, 7, 9], [10, 11, 12], [14, 15, 16], [17, 18, 19], [20, 23, 24], [28, 30, 54], [21, 22, 25], [31, 50, 51], [52, 55, 76], [42, 43, 45], [44, 92, 93], [94, 95, 125], [74, 111, 114], [75, 78, 79], [85, 86, 87], [88, 89, 90], [99, 100, 103], [186, 189, 190], [191, 201, 202], [208, 209, 210], [193, 194, 196], [213, 214, 266], [216, 251, 264], [286, 287, 302], [228, 242, 243], [244, 245, 246], [249, 252, 253], [303, 336, 338], [351, 352, 353], [354, 355, 356], [364, 367, 368], [399, 402, 425], [1, 2], [146, 147], [163, 166], [229, 232], [250, 255], [394, 398], [433, 434], [29], [41], [84], [105], [127], [131], [137], [150], [167], [170], [185], [188], [192], [198], [199], [206], [211], [215], [218], [227], [233], [248], [259], [296], [300], [313], [314], [315], [316], [328], [331], [332], [335], [366], [379], [389], [405], [412], [417], [432]]
/home/yanting/QR/ANI/qr-work/origin_pdb_file/4AYO.pdb
/home/yanting/QR/ANI/qr-work/origin_pdb_file/4AYO.pdb 4AYO

  Preparation for phenix.refine

    Add hydrogens
      - to protein model using phenix.reduce


  Reduce warnings
unrecognized parameter, "phenix.reduce", ignored.


    Adding hydrogens to water molecules
      
clusters: [[320, 321, 322, 325, 326, 328], [22, 23, 24, 25, 26], [27, 32, 33, 39, 40], [54, 55, 76, 77, 81], [59, 62, 63, 65, 413], [414, 427, 430, 431, 432], [109, 110, 111, 112, 433], [127, 128, 131, 146, 148], [132, 133, 134, 135, 183], [155, 156, 159, 220, 221], [222, 223, 224, 225, 226], [284, 285, 286, 287, 288], [249, 250, 252, 253, 255], [263, 265, 277, 278, 279], [348, 349, 351, 353, 354], [378, 379, 380, 381, 382], [343, 403, 406, 407, 421], [383, 384, 385, 386, 387], [418, 419, 420, 428, 429], [16, 53, 56, 57], [60, 394, 397, 398], [18, 365, 369, 370], [371, 374, 375, 388], [29, 50, 51, 52], [34, 35, 36, 37], [38, 372, 373, 390], [61, 66, 67, 68], [69, 70, 71, 72], [64, 401, 402, 405], [142, 143, 144, 145], [90, 91, 92, 138], [139, 140, 149, 150], [98, 100, 101, 164], [122, 124, 125, 168], [104, 106, 107, 108], [115, 116, 117, 120], [129, 161, 165, 180], [154, 158, 184, 202], [205, 206, 207, 208], [167, 178, 233, 234], [173, 174, 175, 177], [182, 230, 231, 235], [236, 237, 238, 239], [185, 186, 188, 189], [190, 191, 192, 198], [193, 195, 197, 268], [269, 270, 271, 272], [212, 213, 214, 215], [216, 217, 282, 283], [251, 290, 291, 292], [293, 294, 295, 299], [273, 274, 275, 276], [257, 262, 264, 298], [301, 302, 304, 305], [258, 259, 260, 261], [296, 300, 303, 345], [310, 312, 313, 316], [315, 330, 331, 332], [358, 361, 400, 404], [376, 377, 389, 391], [3, 4, 5], [6, 7, 8], [9, 10, 11], [12, 13, 14], [15, 362, 363], [364, 366, 367], [17, 20, 21], [42, 45, 46], [47, 48, 49], [44, 93, 94], [58, 73, 74], [78, 105, 114], [85, 86, 87], [95, 96, 97], [99, 118, 121], [119, 123, 176], [136, 137, 153], [151, 203, 204], [162, 163, 166], [169, 170, 172], [199, 200, 211], [201, 209, 210], [228, 240, 241], [243, 244, 245], [247, 248, 289], [254, 266, 267], [281, 317, 318], [319, 327, 329], [306, 308, 309], [333, 334, 392], [393, 395, 396], [335, 336, 339], [337, 338, 340], [341, 342, 344], [346, 347, 350], [352, 355, 410], [356, 359, 360], [415, 416, 417], [422, 424, 426], [1, 2], [83, 84], [126, 130], [141, 147], [194, 196], [227, 242], [307, 311], [399, 425], [19], [28], [30], [31], [41], [43], [75], [79], [80], [82], [88], [89], [102], [103], [113], [152], [157], [160], [171], [179], [181], [187], [218], [219], [229], [232], [246], [256], [280], [297], [314], [323], [324], [357], [368], [408], [409], [411], [412], [423], [434]]
/home/yanting/QR/ANI/qr-work/origin_pdb_file/3ZOJ.pdb
/home/yanting/QR/ANI/qr-work/origin_pdb_file/3ZOJ.pdb 3ZOJ

  Preparation for phenix.refine

    Add hydrogens
      - to protein model using phenix.reduce


  Reduce warnings
unrecognized parameter, "phenix.reduce", ignored.


    Adding hydrogens to water molecules
      
clusters: [[5, 6, 7, 8, 9], [10, 11, 12, 13, 14], [22, 23, 94, 95, 98], [24, 106, 110, 115, 116], [117, 118, 119, 120, 121], [41, 90, 99, 100, 101], [43, 44, 47, 48, 51], [49, 50, 53, 131, 134], [54, 55, 56, 57, 58], [59, 60, 61, 62, 78], [109, 112, 113, 114, 181], [139, 140, 141, 142, 148], [157, 159, 160, 161, 163], [238, 239, 240, 241, 242], [208, 209, 210, 211, 213], [246, 247, 248, 249, 250], [219, 220, 221, 222, 223], [224, 225, 226, 227, 228], [18, 19, 20, 21], [40, 93, 96, 97], [38, 122, 123, 124], [125, 126, 128, 129], [52, 79, 80, 81], [82, 83, 84, 85], [135, 136, 137, 138], [150, 212, 217, 218], [152, 158, 229, 230], [231, 232, 233, 235], [153, 154, 155, 156], [162, 234, 236, 237], [164, 165, 205, 206], [197, 198, 199, 200], [174, 177, 178, 245], [179, 180, 186, 187], [188, 189, 190, 191], [201, 202, 203, 204], [252, 253, 254, 255], [256, 257, 258, 259], [260, 261, 262, 263], [1, 2, 3], [25, 26, 27], [28, 29, 30], [31, 32, 35], [36, 37, 39], [42, 45, 46], [130, 132, 133], [63, 71, 72], [64, 65, 66], [67, 68, 69], [70, 75, 207], [73, 74, 77], [86, 87, 88], [89, 91, 92], [102, 103, 104], [214, 215, 216], [105, 107, 108], [111, 243, 244], [143, 144, 145], [166, 167, 168], [169, 170, 171], [172, 195, 196], [173, 175, 176], [192, 193, 194], [182, 184], [4], [15], [16], [17], [33], [34], [76], [127], [146], [147], [149], [151], [183], [185], [251]]
/home/yanting/QR/ANI/qr-work/origin_pdb_file/1VYR.pdb
/home/yanting/QR/ANI/qr-work/origin_pdb_file/1VYR.pdb 1VYR

  Preparation for phenix.refine

    Add hydrogens
      - to protein model using phenix.reduce


  Reduce warnings
unrecognized parameter, "phenix.reduce", ignored.


    Adding hydrogens to water molecules
      
clusters: [[205, 207, 208, 209, 211, 212], [7, 14, 15, 16, 51], [298, 299, 318, 319, 320], [30, 32, 33, 34, 35], [44, 45, 46, 47, 48], [55, 97, 98, 99, 174], [77, 80, 81, 83, 84], [92, 93, 94, 95, 96], [123, 145, 146, 147, 148], [134, 135, 136, 137, 138], [200, 201, 202, 203, 204], [220, 221, 224, 225, 226], [227, 228, 229, 264, 265], [235, 236, 247, 248, 249], [250, 251, 252, 253, 284], [271, 272, 300, 301, 302], [312, 313, 314, 315, 316], [330, 332, 333, 334, 335], [336, 337, 338, 339, 363], [2, 3, 4, 5], [6, 17, 18, 19], [10, 11, 12, 13], [20, 22, 54, 297], [21, 50, 52, 53], [26, 347, 348, 350], [68, 69, 70, 133], [28, 353, 354, 355], [356, 357, 358, 359], [73, 74, 78, 82], [40, 41, 42, 43], [164, 165, 166, 223], [113, 114, 115, 116], [66, 107, 108, 111], [86, 89, 90, 91], [100, 101, 179, 180], [104, 120, 150, 186], [105, 117, 118, 119], [106, 125, 126, 127], [128, 144, 240, 241], [190, 196, 197, 198], [193, 194, 195, 242], [131, 132, 139, 140], [154, 155, 156, 157], [158, 159, 160, 161], [170, 171, 172, 173], [234, 268, 269, 270], [184, 188, 237, 238], [239, 243, 244, 245], [254, 255, 258, 259], [256, 257, 260, 288], [290, 291, 292, 293], [273, 274, 275, 276], [282, 283, 285, 286], [289, 309, 310, 311], [327, 342, 343, 344], [345, 346, 349, 360], [24, 322, 323], [324, 325, 326], [27, 29, 31], [36, 59, 72], [37, 38, 39], [56, 57, 58], [60, 162, 163], [61, 63, 64], [65, 102, 103], [62, 109, 112], [67, 129, 130], [141, 142, 143], [75, 76, 79], [121, 122, 149], [124, 189, 192], [151, 152, 153], [167, 168, 169], [176, 177, 230], [181, 232, 233], [210, 213, 214], [216, 217, 218], [219, 222, 262], [231, 266, 267], [277, 278, 279], [295, 296, 317], [303, 304, 305], [306, 307, 308], [328, 331, 341], [329, 361, 362], [8, 9], [85, 88], [182, 183], [280, 281], [351, 352], [1], [23], [25], [49], [71], [87], [110], [175], [178], [185], [187], [191], [199], [206], [215], [246], [261], [263], [287], [294], [321], [340]]
/home/yanting/QR/ANI/qr-work/origin_pdb_file/4PSS.pdb
/home/yanting/QR/ANI/qr-work/origin_pdb_file/4PSS.pdb 4PSS

  Preparation for phenix.refine

    Add hydrogens
      - to protein model using phenix.reduce


  Some of the input hydrogens have names that are not correct for the input
  ligand code.  These hydrogens have been removed from the input!

  You must use the output PDB file!


  Reduce warnings
unrecognized parameter, "phenix.reduce", ignored.
*WARNING*: Residues TYR 151  and PHE 153  in chain  A appear unbonded 
            and will be treated as a chain break
*WARNING*: Residues TYR 151  and PHE 153  in chain  A appear unbonded 
            and will be treated as a chain break


    Adding hydrogens to water molecules
      
clusters: [[8, 11, 12, 13, 14], [97, 123, 124, 125, 126], [20, 21, 120, 121, 122], [26, 27, 28, 29, 147], [35, 36, 38, 40, 57], [42, 43, 46, 95, 96], [115, 116, 117, 140, 141], [142, 143, 149, 150, 151], [88, 89, 90, 91], [93, 94, 99, 100], [15, 16, 17, 19], [22, 23, 24, 25], [30, 112, 113, 114], [137, 138, 152, 153], [31, 32, 33, 34], [50, 51, 52, 54], [63, 64, 65, 76], [80, 81, 83, 84], [78, 82, 103, 106], [98, 101, 102, 105], [136, 154, 155, 156], [128, 129, 130, 131], [132, 133, 157, 158], [1, 39, 85], [2, 3, 4], [107, 109, 111], [5, 41, 92], [10, 118, 119], [47, 48, 49], [53, 69, 70], [71, 72, 74], [60, 61, 62], [66, 67, 68], [75, 77, 79], [110, 134, 135], [144, 145, 146], [44, 45], [55, 56], [59, 73], [86, 87], [6], [7], [9], [18], [37], [58], [104], [108], [127], [139], [148]]
/home/yanting/QR/ANI/qr-work/origin_pdb_file/4UAA.pdb
/home/yanting/QR/ANI/qr-work/origin_pdb_file/4UAA.pdb 4UAA

  Preparation for phenix.refine

    Add hydrogens
      - to protein model using phenix.reduce


  Reduce warnings
unrecognized parameter, "phenix.reduce", ignored.


    Adding hydrogens to water molecules
      
clusters: [[289, 290, 291, 425, 491, 492], [335, 336, 347, 348, 349, 371], [1, 2, 3, 4, 5], [6, 7, 8, 32, 258], [12, 19, 20, 34, 35], [164, 165, 166, 168, 232], [46, 49, 50, 109, 122], [125, 173, 174, 177, 181], [66, 67, 68, 69, 92], [84, 85, 86, 91, 105], [148, 149, 150, 151, 154], [167, 170, 171, 172, 178], [182, 186, 203, 204, 205], [206, 221, 222, 223, 224], [272, 273, 274, 275, 276], [283, 284, 285, 286, 288], [299, 300, 301, 302, 395], [411, 412, 413, 414, 415], [328, 329, 350, 351, 352], [330, 331, 332, 333, 334], [342, 343, 344, 345, 346], [420, 421, 422, 423, 424], [436, 439, 440, 442, 443], [460, 461, 462, 463, 486], [470, 471, 476, 477, 478], [253, 254, 256, 257], [18, 38, 39, 40], [24, 161, 162, 163], [31, 33, 36, 158], [41, 42, 43, 44], [45, 209, 210, 218], [101, 184, 185, 208], [52, 55, 56, 59], [61, 62, 63, 64], [96, 97, 111, 112], [71, 72, 73, 74], [75, 76, 87, 88], [80, 81, 82, 83], [156, 159, 160, 236], [175, 176, 179, 180], [191, 192, 193, 194], [196, 197, 248, 252], [195, 198, 199, 255], [215, 217, 237, 238], [239, 245, 246, 247], [228, 229, 230, 231], [265, 266, 269, 270], [510, 513, 514, 517], [295, 296, 297, 298], [416, 417, 418, 419], [303, 304, 398, 402], [403, 404, 405, 406], [307, 360, 361, 364], [308, 309, 310, 311], [312, 313, 372, 385], [314, 324, 325, 327], [353, 354, 357, 375], [315, 427, 433, 434], [435, 437, 438, 441], [319, 320, 321, 322], [369, 370, 400, 401], [377, 378, 381, 382], [426, 430, 431, 432], [445, 446, 456, 466], [452, 453, 454, 457], [508, 509, 511, 512], [501, 502, 503, 504], [499, 505, 506, 507], [485, 487, 488, 489], [9, 10, 13], [11, 250, 251], [14, 15, 16], [21, 22, 23], [157, 233, 234], [25, 26, 27], [28, 29, 30], [47, 48, 51], [54, 57, 58], [65, 93, 94], [70, 89, 90], [77, 78, 79], [106, 107, 141], [99, 103, 104], [102, 183, 187], [188, 189, 190], [110, 113, 139], [140, 142, 143], [114, 115, 116], [117, 118, 121], [120, 123, 124], [126, 127, 128], [129, 130, 132], [131, 133, 155], [134, 135, 136], [137, 138, 153], [144, 146, 211], [212, 213, 216], [145, 147, 152], [200, 201, 202], [214, 240, 241], [242, 243, 244], [225, 226, 227], [259, 260, 261], [263, 264, 267], [268, 271, 279], [281, 282, 292], [293, 294, 518], [305, 479, 480], [481, 494, 496], [316, 317, 318], [337, 338, 366], [339, 340, 341], [365, 367, 368], [355, 356, 358], [359, 362, 363], [373, 374, 376], [380, 383, 384], [386, 387, 388], [390, 391, 392], [407, 408, 409], [448, 450, 451], [467, 468, 469], [455, 458, 459], [493, 495, 515], [464, 465, 482], [483, 484, 490], [473, 474, 500], [475, 497, 498], [516, 519, 520], [98, 100], [219, 235], [323, 326], [394, 396], [17], [37], [53], [60], [95], [108], [119], [169], [207], [220], [249], [262], [277], [278], [280], [287], [306], [379], [389], [393], [397], [399], [410], [428], [429], [444], [447], [449], [472], [521], [522]]
/home/yanting/QR/ANI/qr-work/origin_pdb_file/4UA9.pdb
/home/yanting/QR/ANI/qr-work/origin_pdb_file/4UA9.pdb 4UA9

  Preparation for phenix.refine

    Add hydrogens
      - to protein model using phenix.reduce


  Reduce warnings
unrecognized parameter, "phenix.reduce", ignored.


    Adding hydrogens to water molecules
      
clusters: [[167, 173, 174, 177, 178, 181], [238, 239, 245, 246, 247], [42, 44, 45, 210, 218], [47, 48, 101, 104, 208], [51, 52, 55, 56, 59], [62, 64, 65, 93, 115], [86, 87, 88, 89, 90], [108, 109, 110, 111, 140], [196, 205, 206, 207, 221], [214, 241, 242, 243, 244], [283, 284, 285, 286, 289], [290, 291, 425, 491, 492], [296, 297, 416, 417, 418], [411, 412, 413, 414, 415], [303, 304, 306, 470, 471], [314, 317, 318, 320, 321], [322, 323, 324, 375, 376], [332, 333, 334, 335, 336], [337, 338, 339, 340, 341], [365, 366, 367, 370, 400], [373, 374, 377, 378, 381], [389, 426, 427, 431, 432], [401, 402, 403, 404, 405], [467, 481, 482, 483, 484], [460, 461, 462, 463, 486], [475, 499, 504, 505, 506], [4, 5, 6, 7], [8, 254, 257, 258], [9, 10, 11, 12], [13, 14, 15, 16], [17, 215, 217, 237], [32, 33, 36, 233], [24, 29, 30, 31], [25, 26, 27, 28], [135, 151, 154, 155], [41, 43, 144, 146], [211, 212, 213, 216], [54, 57, 58, 61], [68, 69, 91, 92], [70, 71, 83, 84], [77, 78, 106, 141], [117, 118, 120, 121], [119, 136, 137, 138], [139, 142, 143, 153], [126, 127, 128, 129], [130, 131, 132, 163], [145, 147, 150, 152], [160, 161, 162, 164], [185, 186, 187, 188], [192, 193, 194, 197], [252, 255, 256, 259], [228, 229, 231, 262], [222, 223, 224, 230], [263, 265, 266, 267], [264, 268, 292, 514], [517, 518, 520, 521], [269, 270, 271, 272], [273, 274, 275, 276], [278, 279, 280, 281], [294, 295, 298, 300], [299, 302, 395, 397], [305, 307, 308, 309], [310, 311, 312, 313], [315, 316, 319, 433], [434, 437, 440, 441], [325, 326, 327, 328], [352, 353, 354, 357], [345, 346, 347, 351], [358, 361, 362, 443], [444, 447, 448, 449], [391, 392, 393, 394], [407, 408, 409, 410], [493, 494, 495, 496], [435, 436, 438, 439], [446, 464, 465, 466], [512, 515, 516, 519], [472, 473, 474, 476], [500, 501, 502, 503], [1, 2, 3], [18, 38, 40], [19, 20, 34], [35, 157, 234], [21, 22, 23], [39, 133, 134], [46, 49, 50], [122, 124, 125], [63, 66, 67], [72, 73, 74], [75, 76, 107], [79, 80, 81], [82, 103, 105], [96, 97, 98], [99, 100, 112], [102, 189, 190], [113, 114, 116], [156, 158, 159], [165, 166, 168], [169, 170, 232], [176, 179, 180], [182, 183, 184], [195, 198, 199], [200, 201, 202], [203, 225, 226], [219, 235, 251], [329, 330, 331], [348, 349, 350], [342, 343, 344], [356, 359, 360], [368, 371, 372], [379, 380, 382], [383, 384, 396], [386, 387, 390], [419, 422, 423], [420, 479, 480], [428, 442, 445], [450, 468, 469], [451, 452, 453], [454, 456, 457], [455, 458, 459], [477, 478, 511], [485, 487, 488], [497, 507, 510], [148, 240], [191, 209], [220, 236], [248, 249], [277, 498], [287, 489], [363, 364], [398, 406], [429, 490], [37], [53], [60], [85], [94], [95], [123], [149], [171], [172], [175], [204], [227], [250], [253], [260], [261], [282], [288], [293], [301], [355], [369], [385], [388], [399], [421], [424], [430], [508], [509], [513], [522]]
